TN:
SF:src/main/index.ts
FN:1,(empty-report)
FNF:1
FNH:0
FNDA:0,(empty-report)
DA:1,0
DA:2,0
DA:3,0
DA:4,0
DA:5,0
DA:6,0
DA:7,0
DA:8,0
DA:9,0
DA:10,0
DA:11,0
DA:14,0
DA:17,0
DA:18,0
DA:19,0
DA:20,0
DA:21,0
DA:22,0
DA:23,0
DA:25,0
DA:26,0
DA:27,0
DA:28,0
DA:29,0
DA:30,0
DA:31,0
DA:32,0
DA:34,0
DA:35,0
DA:36,0
DA:37,0
DA:38,0
DA:39,0
DA:40,0
DA:41,0
DA:42,0
DA:43,0
DA:44,0
DA:45,0
DA:46,0
DA:47,0
DA:48,0
DA:50,0
DA:51,0
DA:52,0
DA:53,0
DA:54,0
DA:55,0
DA:56,0
DA:57,0
DA:58,0
DA:59,0
DA:60,0
DA:61,0
DA:62,0
DA:63,0
DA:64,0
DA:65,0
DA:66,0
DA:67,0
DA:68,0
DA:69,0
DA:70,0
DA:71,0
DA:72,0
DA:73,0
DA:74,0
DA:75,0
DA:76,0
DA:77,0
DA:78,0
DA:79,0
DA:80,0
DA:81,0
DA:82,0
DA:83,0
DA:84,0
DA:85,0
DA:86,0
DA:87,0
DA:88,0
DA:89,0
DA:90,0
DA:91,0
DA:92,0
DA:93,0
DA:94,0
DA:95,0
DA:96,0
DA:97,0
DA:98,0
DA:99,0
DA:100,0
DA:101,0
DA:102,0
DA:103,0
DA:104,0
DA:105,0
DA:106,0
DA:107,0
DA:108,0
DA:109,0
DA:110,0
DA:111,0
DA:112,0
DA:113,0
DA:114,0
DA:115,0
DA:116,0
DA:117,0
DA:118,0
DA:119,0
DA:120,0
DA:121,0
DA:122,0
DA:123,0
DA:124,0
DA:125,0
DA:126,0
DA:127,0
DA:128,0
DA:129,0
DA:130,0
DA:131,0
DA:132,0
DA:133,0
DA:134,0
DA:135,0
DA:136,0
DA:137,0
DA:138,0
DA:139,0
DA:140,0
DA:141,0
DA:142,0
DA:143,0
DA:144,0
DA:145,0
DA:146,0
DA:147,0
DA:148,0
DA:149,0
DA:150,0
DA:151,0
DA:152,0
DA:153,0
DA:154,0
DA:155,0
DA:156,0
DA:157,0
DA:158,0
DA:159,0
DA:161,0
DA:162,0
DA:163,0
DA:164,0
DA:165,0
DA:166,0
DA:167,0
DA:168,0
DA:169,0
DA:170,0
DA:171,0
DA:172,0
DA:173,0
DA:174,0
DA:175,0
DA:176,0
DA:177,0
DA:178,0
DA:180,0
DA:182,0
DA:183,0
DA:184,0
DA:185,0
DA:186,0
DA:187,0
DA:188,0
DA:189,0
DA:190,0
DA:191,0
DA:192,0
DA:193,0
DA:194,0
DA:195,0
DA:196,0
DA:197,0
DA:199,0
DA:200,0
DA:201,0
DA:202,0
DA:203,0
DA:204,0
DA:205,0
DA:206,0
DA:207,0
DA:209,0
DA:210,0
DA:211,0
DA:212,0
DA:214,0
DA:215,0
DA:216,0
DA:217,0
DA:218,0
DA:220,0
DA:221,0
DA:223,0
DA:224,0
DA:225,0
DA:226,0
DA:228,0
DA:229,0
DA:230,0
DA:232,0
DA:233,0
DA:234,0
DA:235,0
DA:236,0
DA:237,0
DA:238,0
DA:239,0
DA:240,0
DA:241,0
DA:243,0
DA:244,0
DA:246,0
DA:247,0
DA:248,0
DA:249,0
DA:250,0
DA:251,0
DA:252,0
DA:253,0
DA:254,0
DA:255,0
DA:256,0
DA:258,0
DA:260,0
DA:261,0
DA:262,0
DA:263,0
DA:264,0
DA:265,0
DA:266,0
DA:268,0
DA:269,0
DA:270,0
DA:271,0
DA:273,0
DA:274,0
DA:275,0
DA:277,0
DA:278,0
DA:279,0
DA:281,0
DA:282,0
DA:283,0
DA:284,0
DA:285,0
DA:286,0
DA:287,0
DA:288,0
DA:289,0
DA:291,0
DA:292,0
DA:293,0
DA:294,0
DA:295,0
DA:296,0
DA:297,0
DA:298,0
DA:299,0
DA:300,0
DA:301,0
DA:302,0
DA:303,0
DA:304,0
DA:305,0
DA:306,0
DA:307,0
DA:308,0
DA:309,0
DA:310,0
DA:311,0
DA:312,0
DA:314,0
DA:315,0
DA:316,0
DA:317,0
DA:318,0
LF:291
LH:0
BRDA:1,0,0,0
BRF:1
BRH:0
end_of_record
TN:
SF:src/main/db/connection.ts
FN:1,(empty-report)
FNF:1
FNH:0
FNDA:0,(empty-report)
DA:1,0
DA:8,0
DA:9,0
DA:11,0
DA:12,0
DA:13,0
DA:14,0
DA:15,0
DA:16,0
DA:17,0
DA:18,0
DA:19,0
DA:20,0
DA:21,0
DA:22,0
DA:23,0
DA:24,0
DA:26,0
DA:27,0
DA:28,0
DA:29,0
DA:30,0
DA:31,0
DA:32,0
DA:33,0
DA:34,0
DA:35,0
DA:36,0
DA:37,0
DA:39,0
DA:40,0
DA:41,0
DA:43,0
DA:44,0
DA:47,0
DA:48,0
DA:50,0
DA:51,0
DA:52,0
DA:54,0
DA:55,0
DA:56,0
DA:57,0
DA:58,0
DA:59,0
LF:45
LH:0
BRDA:1,0,0,0
BRF:1
BRH:0
end_of_record
TN:
SF:src/main/db/migrations.ts
FN:29,loadMigrationFiles
FN:39,trigramAvailable
FN:49,schemaForTokenizer
FN:53,runMigrations
FN:79,ftsColumns
FNF:5
FNH:5
FNDA:65,loadMigrationFiles
FNDA:66,trigramAvailable
FNDA:63,schemaForTokenizer
FNDA:65,runMigrations
FNDA:1,ftsColumns
DA:1,1
DA:21,1
DA:23,1
DA:27,1
DA:29,1
DA:30,65
DA:31,65
DA:32,0
DA:33,0
DA:34,65
DA:35,65
DA:36,65
DA:37,65
DA:39,1
DA:40,66
DA:41,66
DA:42,66
DA:43,66
DA:44,66
DA:45,0
DA:46,0
DA:47,66
DA:49,63
DA:50,63
DA:51,63
DA:53,1
DA:54,65
DA:55,65
DA:57,65
DA:58,63
DA:59,63
DA:60,63
DA:62,65
DA:63,65
DA:64,0
DA:65,0
DA:66,0
DA:67,0
DA:68,0
DA:69,0
DA:70,0
DA:71,0
DA:72,0
DA:73,0
DA:75,65
DA:76,65
DA:77,65
DA:79,1
DA:80,1
DA:81,1
LF:50
LH:36
BRDA:29,0,0,65
BRDA:39,1,0,66
BRDA:44,2,0,0
BRDA:49,3,0,63
BRDA:50,4,0,0
BRDA:53,5,0,65
BRDA:57,6,0,63
BRDA:63,7,0,0
BRDA:76,8,0,0
BRDA:79,9,0,1
BRF:10
BRH:6
end_of_record
TN:
SF:src/main/db/settings-seed.ts
FN:32,sqlLiteral
FN:37,defaultSettings
FN:52,seedDefaultSettings
FNF:3
FNH:3
FNDA:350,sqlLiteral
FNDA:35,defaultSettings
FNDA:35,seedDefaultSettings
DA:1,1
DA:2,1
DA:5,1
DA:19,1
DA:20,1
DA:21,1
DA:22,1
DA:23,1
DA:24,1
DA:25,1
DA:26,1
DA:27,1
DA:28,1
DA:29,1
DA:30,1
DA:32,350
DA:33,350
DA:34,350
DA:35,350
DA:37,1
DA:38,35
DA:39,35
DA:40,35
DA:41,35
DA:42,35
DA:43,35
DA:44,35
DA:45,35
DA:46,35
DA:47,35
DA:48,35
DA:49,35
DA:50,35
DA:52,1
DA:53,35
DA:54,35
DA:55,35
DA:56,35
DA:57,35
LF:39
LH:39
BRDA:32,0,0,350
BRDA:37,1,0,35
BRDA:52,2,0,35
BRDA:54,3,0,350
BRF:4
BRH:4
end_of_record
TN:
SF:src/main/db/types.ts
FN:1,(empty-report)
FNF:1
FNH:1
FNDA:1,(empty-report)
LF:0
LH:0
BRDA:1,0,0,1
BRF:1
BRH:1
end_of_record
TN:
SF:src/main/db/repositories/categories.ts
FN:6,mapCategory
FN:16,createCategoriesRepository
FN:17,list
FN:25,create
FN:35,rename
FN:40,remove
FN:44,setMoveToLibrary
FN:49,assign
FN:55,unassign
FN:59,listForDocument
FN:68,countByCategory
FN:77,getAllDocumentCategories
FNF:12
FNH:11
FNDA:19,mapCategory
FNDA:55,createCategoriesRepository
FNDA:6,list
FNDA:10,create
FNDA:1,rename
FNDA:2,remove
FNDA:1,setMoveToLibrary
FNDA:11,assign
FNDA:1,unassign
FNDA:9,listForDocument
FNDA:2,countByCategory
FNDA:0,getAllDocumentCategories
DA:1,1
DA:6,19
DA:7,19
DA:8,19
DA:9,19
DA:10,19
DA:11,19
DA:12,19
DA:13,19
DA:14,19
DA:16,1
DA:17,55
DA:18,6
DA:22,6
DA:23,6
DA:25,55
DA:26,10
DA:27,10
DA:28,10
DA:29,10
DA:30,10
DA:31,10
DA:32,10
DA:33,10
DA:35,55
DA:36,1
DA:37,1
DA:38,1
DA:40,55
DA:41,2
DA:42,2
DA:44,55
DA:45,1
DA:46,1
DA:47,1
DA:49,55
DA:50,11
DA:51,11
DA:52,11
DA:53,11
DA:55,55
DA:56,1
DA:57,1
DA:59,55
DA:60,9
DA:61,9
DA:62,9
DA:63,9
DA:64,9
DA:65,9
DA:66,9
DA:68,55
DA:69,2
DA:70,2
DA:71,2
DA:72,2
DA:73,2
DA:74,2
DA:75,2
DA:77,55
DA:78,0
DA:79,0
DA:80,0
DA:81,0
DA:83,55
DA:84,55
DA:85,55
DA:86,55
DA:87,55
DA:88,55
DA:89,55
DA:90,55
DA:91,55
DA:92,55
DA:93,55
DA:94,55
DA:95,55
LF:77
LH:73
BRDA:6,0,0,19
BRDA:11,1,0,18
BRDA:16,2,0,55
BRDA:17,3,0,6
BRDA:25,4,0,10
BRDA:30,5,0,0
BRDA:35,6,0,1
BRDA:37,7,0,0
BRDA:40,8,0,2
BRDA:44,9,0,1
BRDA:46,10,0,0
BRDA:49,11,0,11
BRDA:55,12,0,1
BRDA:59,13,0,9
BRDA:68,14,0,2
BRF:15
BRH:12
end_of_record
TN:
SF:src/main/db/repositories/documents.ts
FN:73,isEditableField
FN:77,validatePatch
FN:87,parseEditedFields
FN:98,parseRemoteValues
FN:109,mapDocument
FN:140,orderByClause
FN:146,createDocumentsRepository
FN:147,list
FN:169,search
FN:190,get
FN:197,insert
FN:232,update
FN:256,remove
FN:260,bulkDelete
FN:266,setStarred
FN:270,findByPath
FN:277,findByHash
FN:284,updateFilePath
FN:293,setMetadataStatus
FN:307,incrementMetadataAttempts
FN:317,setLastReadAt
FN:321,setFileMissing
FN:329,getResumableMetadataRows
FN:338,setRemoteValues
FN:346,applyMetadataFields
FN:386,listFolderGroups
FN:418,newId
FNF:27
FNH:22
FNDA:45,isEditableField
FNDA:34,validatePatch
FNDA:121,parseEditedFields
FNDA:121,parseRemoteValues
FNDA:121,mapDocument
FNDA:15,orderByClause
FNDA:55,createDocumentsRepository
FNDA:15,list
FNDA:4,search
FNDA:81,get
FNDA:59,insert
FNDA:13,update
FNDA:2,remove
FNDA:1,bulkDelete
FNDA:1,setStarred
FNDA:17,findByPath
FNDA:10,findByHash
FNDA:0,updateFilePath
FNDA:1,setMetadataStatus
FNDA:0,incrementMetadataAttempts
FNDA:1,setLastReadAt
FNDA:1,setFileMissing
FNDA:1,getResumableMetadataRows
FNDA:0,setRemoteValues
FNDA:0,applyMetadataFields
FNDA:0,listFolderGroups
FNDA:19,newId
DA:1,1
DA:19,1
DA:20,1
DA:21,1
DA:22,1
DA:23,1
DA:24,1
DA:25,1
DA:26,1
DA:27,1
DA:28,1
DA:29,1
DA:30,1
DA:32,1
DA:33,1
DA:34,1
DA:35,1
DA:36,1
DA:37,1
DA:38,1
DA:39,1
DA:40,1
DA:41,1
DA:42,1
DA:44,1
DA:45,1
DA:46,1
DA:47,1
DA:48,1
DA:49,1
DA:50,1
DA:51,1
DA:52,1
DA:53,1
DA:54,1
DA:55,1
DA:56,1
DA:57,1
DA:58,1
DA:59,1
DA:60,1
DA:61,1
DA:62,1
DA:63,1
DA:64,1
DA:65,1
DA:66,1
DA:67,1
DA:68,1
DA:69,1
DA:70,1
DA:71,1
DA:73,45
DA:74,45
DA:75,45
DA:77,1
DA:78,34
DA:79,34
DA:80,34
DA:81,24
DA:82,24
DA:83,34
DA:84,10
DA:85,10
DA:87,121
DA:88,121
DA:89,121
DA:90,121
DA:91,121
DA:92,121
DA:93,121
DA:94,0
DA:95,0
DA:96,121
DA:98,121
DA:99,121
DA:100,0
DA:101,0
DA:102,121
DA:103,0
DA:104,0
DA:105,0
DA:106,0
DA:107,121
DA:109,121
DA:110,121
DA:111,121
DA:112,121
DA:113,121
DA:114,121
DA:115,121
DA:116,121
DA:117,121
DA:118,121
DA:119,121
DA:120,121
DA:121,121
DA:122,121
DA:123,121
DA:124,121
DA:125,121
DA:126,121
DA:127,121
DA:128,121
DA:129,121
DA:130,121
DA:131,121
DA:132,121
DA:133,121
DA:134,121
DA:135,121
DA:136,121
DA:137,121
DA:138,121
DA:140,15
DA:141,15
DA:142,15
DA:143,12
DA:144,12
DA:146,1
DA:147,55
DA:148,15
DA:149,15
DA:150,15
DA:151,2
DA:152,15
DA:153,2
DA:154,13
DA:155,2
DA:156,2
DA:157,11
DA:158,2
DA:159,2
DA:160,2
DA:161,15
DA:162,15
DA:166,15
DA:167,15
DA:169,55
DA:170,4
DA:171,4
DA:172,4
DA:173,2
DA:174,2
DA:175,2
DA:176,2
DA:177,2
DA:178,2
DA:179,2
DA:180,1
DA:181,1
DA:182,1
DA:183,1
DA:187,1
DA:188,4
DA:190,55
DA:191,81
DA:194,81
DA:195,81
DA:197,55
DA:198,59
DA:199,59
DA:200,59
DA:201,59
DA:202,59
DA:203,59
DA:204,59
DA:205,59
DA:206,59
DA:207,59
DA:208,59
DA:209,59
DA:210,59
DA:211,59
DA:212,59
DA:213,59
DA:214,59
DA:215,59
DA:216,59
DA:217,59
DA:218,59
DA:219,59
DA:220,59
DA:221,59
DA:222,59
DA:223,59
DA:224,59
DA:225,59
DA:226,59
DA:227,59
DA:228,59
DA:229,59
DA:230,59
DA:232,55
DA:233,13
DA:234,13
DA:235,13
DA:237,13
DA:239,5
DA:240,5
DA:241,5
DA:242,5
DA:243,1
DA:244,5
DA:245,4
DA:246,4
DA:247,5
DA:249,5
DA:250,5
DA:251,5
DA:252,5
DA:253,5
DA:254,13
DA:256,55
DA:257,2
DA:258,2
DA:260,55
DA:261,1
DA:262,1
DA:263,1
DA:264,1
DA:266,55
DA:267,1
DA:268,1
DA:270,55
DA:271,17
DA:274,17
DA:275,17
DA:277,55
DA:278,10
DA:281,10
DA:282,10
DA:284,55
DA:285,0
DA:286,0
DA:287,0
DA:288,0
DA:289,0
DA:290,0
DA:291,0
DA:293,55
DA:294,1
DA:295,0
DA:296,0
DA:297,0
DA:298,0
DA:299,0
DA:300,1
DA:301,1
DA:302,1
DA:303,1
DA:304,1
DA:305,1
DA:307,55
DA:308,0
DA:309,0
DA:310,0
DA:311,0
DA:314,0
DA:315,0
DA:317,55
DA:318,1
DA:319,1
DA:321,55
DA:322,1
DA:323,1
DA:324,1
DA:325,1
DA:326,1
DA:327,1
DA:329,55
DA:330,1
DA:331,1
DA:332,1
DA:333,1
DA:334,1
DA:335,1
DA:336,1
DA:338,55
DA:339,0
DA:340,0
DA:341,0
DA:342,0
DA:343,0
DA:344,0
DA:346,55
DA:347,0
DA:348,0
DA:349,0
DA:350,0
DA:351,0
DA:352,0
DA:353,0
DA:354,0
DA:355,0
DA:356,0
DA:358,0
DA:359,0
DA:360,0
DA:362,0
DA:363,0
DA:364,0
DA:365,0
DA:367,0
DA:368,0
DA:369,0
DA:370,0
DA:371,0
DA:372,0
DA:373,0
DA:374,0
DA:375,0
DA:376,0
DA:378,0
DA:379,0
DA:380,0
DA:382,0
DA:383,0
DA:384,0
DA:386,55
DA:387,0
DA:388,0
DA:389,0
DA:390,0
DA:391,0
DA:392,0
DA:393,0
DA:395,55
DA:396,55
DA:397,55
DA:398,55
DA:399,55
DA:400,55
DA:401,55
DA:402,55
DA:403,55
DA:404,55
DA:405,55
DA:406,55
DA:407,55
DA:408,55
DA:409,55
DA:410,55
DA:411,55
DA:412,55
DA:413,55
DA:414,55
DA:415,55
DA:416,55
DA:418,1
DA:419,19
DA:420,19
LF:352
LH:280
BRDA:73,0,0,45
BRDA:77,1,0,34
BRDA:79,2,0,34
BRDA:80,3,0,24
BRDA:83,4,0,10
BRDA:87,5,0,121
BRDA:88,6,0,0
BRDA:91,7,0,0
BRDA:93,8,0,0
BRDA:92,9,0,11
BRDA:98,10,0,121
BRDA:99,11,0,0
BRDA:99,12,0,0
BRDA:102,13,0,0
BRDA:109,14,0,121
BRDA:115,15,0,0
BRDA:116,16,0,108
BRDA:117,17,0,10
BRDA:125,18,0,116
BRDA:126,19,0,120
BRDA:129,20,0,73
BRDA:131,21,0,120
BRDA:140,22,0,15
BRDA:141,23,0,1
BRDA:141,24,0,14
BRDA:142,25,0,2
BRDA:142,26,0,12
BRDA:146,27,0,55
BRDA:147,28,0,15
BRDA:150,29,0,2
BRDA:152,30,0,13
BRDA:152,31,0,2
BRDA:154,32,0,11
BRDA:154,33,0,2
BRDA:157,34,0,9
BRDA:157,35,0,2
BRDA:169,36,0,4
BRDA:171,37,0,1
BRDA:171,38,0,3
BRDA:172,39,0,2
BRDA:179,40,0,1
BRDA:181,41,0,9
BRDA:182,42,0,9
BRDA:190,43,0,81
BRDA:194,44,0,77
BRDA:194,45,0,4
BRDA:197,46,0,59
BRDA:223,47,0,0
BRDA:226,48,0,1534
BRDA:232,49,0,13
BRDA:235,50,0,11
BRDA:235,51,0,2
BRDA:235,52,0,6
BRDA:237,53,0,1
BRDA:237,54,0,5
BRDA:242,55,0,1
BRDA:244,56,0,4
BRDA:243,57,0,2
BRDA:249,58,0,5
BRDA:250,59,0,5
BRDA:256,60,0,2
BRDA:260,61,0,1
BRDA:261,62,0,0
BRDA:262,63,0,2
BRDA:266,64,0,1
BRDA:267,65,0,0
BRDA:270,66,0,17
BRDA:274,67,0,3
BRDA:274,68,0,14
BRDA:277,69,0,10
BRDA:281,70,0,3
BRDA:281,71,0,7
BRDA:293,72,0,1
BRDA:294,73,0,0
BRDA:317,74,0,1
BRDA:321,75,0,1
BRDA:323,76,0,0
BRDA:329,77,0,1
BRDA:418,78,0,19
BRF:79
BRH:67
end_of_record
TN:
SF:src/main/db/repositories/errors.ts
FN:1,<instance_members_initializer>
FN:5,RepoError
FNF:2
FNH:2
FNDA:40,<instance_members_initializer>
FNDA:40,RepoError
DA:1,1
DA:2,40
DA:3,40
DA:5,40
DA:6,40
DA:7,40
DA:8,40
DA:9,40
DA:10,40
DA:11,40
LF:10
LH:10
BRDA:1,0,0,40
BRDA:5,1,0,40
BRF:2
BRH:2
end_of_record
TN:
SF:src/main/db/repositories/index.ts
FN:7,createRepositories
FNF:1
FNH:1
FNDA:55,createRepositories
DA:1,1
DA:7,1
DA:8,55
DA:9,55
DA:10,55
DA:11,55
DA:12,55
DA:13,55
DA:14,55
LF:9
LH:9
BRDA:7,0,0,55
BRF:1
BRH:1
end_of_record
TN:
SF:src/main/db/repositories/settings.ts
FN:14,createSettingsRepository
FN:15,get
FN:27,set
FN:34,getBootstrapSettings
FNF:4
FNH:4
FNDA:55,createSettingsRepository
FNDA:25,get
FNDA:3,set
FNDA:3,getBootstrapSettings
DA:1,1
DA:14,1
DA:15,55
DA:16,25
DA:19,25
DA:20,24
DA:21,24
DA:22,25
DA:23,1
DA:24,1
DA:25,25
DA:27,55
DA:28,3
DA:29,3
DA:30,3
DA:31,3
DA:32,3
DA:34,55
DA:35,3
DA:36,3
DA:37,3
DA:38,3
DA:39,3
DA:40,3
DA:41,3
DA:42,3
DA:43,3
DA:45,55
DA:46,55
LF:29
LH:29
BRDA:14,0,0,55
BRDA:15,1,0,25
BRDA:19,2,0,1
BRDA:19,3,0,24
BRDA:22,4,0,1
BRDA:27,5,0,3
BRDA:34,6,0,3
BRF:7
BRH:7
end_of_record
TN:
SF:src/main/db/repositories/watchFolders.ts
FN:6,mapWatchFolder
FN:15,createWatchFoldersRepository
FN:16,list
FN:24,add
FN:39,remove
FN:44,toggle
FN:52,getEnabled
FNF:7
FNH:7
FNDA:10,mapWatchFolder
FNDA:55,createWatchFoldersRepository
FNDA:3,list
FNDA:2,add
FNDA:1,remove
FNDA:1,toggle
FNDA:2,getEnabled
DA:1,1
DA:6,10
DA:7,10
DA:8,10
DA:9,10
DA:10,10
DA:11,10
DA:12,10
DA:13,10
DA:15,1
DA:16,55
DA:17,3
DA:21,3
DA:22,3
DA:24,55
DA:25,2
DA:26,2
DA:27,2
DA:28,2
DA:29,2
DA:30,2
DA:31,2
DA:32,2
DA:36,2
DA:37,2
DA:39,55
DA:40,1
DA:41,1
DA:42,1
DA:44,55
DA:45,1
DA:46,1
DA:47,1
DA:48,1
DA:49,1
DA:50,1
DA:52,55
DA:53,2
DA:54,2
DA:55,2
DA:56,2
DA:57,2
DA:59,55
DA:60,55
LF:44
LH:44
BRDA:6,0,0,10
BRDA:15,1,0,55
BRDA:16,2,0,3
BRDA:24,3,0,2
BRDA:39,4,0,1
BRDA:41,5,0,0
BRDA:44,6,0,1
BRDA:46,7,0,0
BRDA:49,8,0,0
BRDA:52,9,0,2
BRF:10
BRH:7
end_of_record
TN:
SF:src/main/ipc/events.ts
FN:5,emitDocumentUpdated
FN:11,emitImportProgress
FNF:2
FNH:1
FNDA:21,emitDocumentUpdated
FNDA:0,emitImportProgress
DA:1,1
DA:5,1
DA:6,21
DA:7,21
DA:8,21
DA:9,21
DA:11,1
DA:12,0
DA:13,0
DA:14,0
DA:15,0
LF:11
LH:7
BRDA:5,0,0,21
BRF:1
BRH:1
end_of_record
TN:
SF:src/main/ipc/handlers.ts
FN:25,wrap
FN:37,asyncWrap
FN:49,notImplemented
FN:53,bootstrapFromSettings
FN:65,findPdfsRecursively
FN:105,createIpcHandlers
FN:109,handlers
FN:111,handlers
FN:113,handlers
FN:115,handlers
FN:117,handlers
FN:119,handlers
FN:121,handlers
FN:122,handlers
FN:124,handlers
FN:149,handlers
FN:151,handlers
FN:153,handlers
FN:159,handlers
FN:166,handlers
FN:186,handlers
FN:192,handlers
FN:195,handlers
FN:213,handlers
FN:228,handlers
FN:253,handlers
FN:258,handlers
FN:260,handlers
FN:262,handlers
FN:263,handlers
FN:265,handlers
FN:287,handlers
FN:290,handlers
FN:291,handlers
FN:319,handlers
FN:324,handlers
FN:335,handlers
FN:345,handlers
FN:347,handlers
FN:366,handlers
FN:377,handlers
FN:400,registerIpcHandlers
FNF:42
FNH:17
FNDA:17,wrap
FNDA:1,asyncWrap
FNDA:1,notImplemented
FNDA:1,bootstrapFromSettings
FNDA:0,findPdfsRecursively
FNDA:12,createIpcHandlers
FNDA:1,handlers
FNDA:6,handlers
FNDA:0,handlers
FNDA:0,handlers
FNDA:3,handlers
FNDA:0,handlers
FNDA:1,handlers
FNDA:0,handlers
FNDA:1,handlers
FNDA:1,handlers
FNDA:1,handlers
FNDA:1,handlers
FNDA:0,handlers
FNDA:0,handlers
FNDA:0,handlers
FNDA:0,handlers
FNDA:0,handlers
FNDA:0,handlers
FNDA:0,handlers
FNDA:1,handlers
FNDA:1,handlers
FNDA:0,handlers
FNDA:0,handlers
FNDA:0,handlers
FNDA:0,handlers
FNDA:0,handlers
FNDA:0,handlers
FNDA:0,handlers
FNDA:0,handlers
FNDA:0,handlers
FNDA:0,handlers
FNDA:1,handlers
FNDA:1,handlers
FNDA:0,handlers
FNDA:0,handlers
FNDA:0,registerIpcHandlers
DA:1,1
DA:2,1
DA:3,1
DA:25,17
DA:26,17
DA:27,17
DA:28,17
DA:29,3
DA:30,3
DA:31,3
DA:32,3
DA:33,3
DA:34,3
DA:35,17
DA:37,1
DA:38,1
DA:39,1
DA:40,1
DA:41,1
DA:42,1
DA:43,1
DA:44,1
DA:45,1
DA:46,1
DA:47,1
DA:49,1
DA:50,1
DA:51,1
DA:53,1
DA:54,1
DA:55,1
DA:56,1
DA:57,1
DA:58,1
DA:59,1
DA:60,1
DA:61,1
DA:62,1
DA:63,1
DA:65,0
DA:66,0
DA:67,0
DA:68,0
DA:69,0
DA:70,0
DA:71,0
DA:72,0
DA:73,0
DA:74,0
DA:75,0
DA:76,0
DA:77,0
DA:78,0
DA:79,0
DA:80,0
DA:81,0
DA:82,0
DA:83,0
DA:84,0
DA:85,0
DA:86,0
DA:105,1
DA:106,12
DA:108,12
DA:109,12
DA:111,12
DA:112,6
DA:113,12
DA:114,0
DA:115,12
DA:116,0
DA:117,12
DA:118,3
DA:119,12
DA:120,0
DA:121,12
DA:122,12
DA:123,0
DA:124,12
DA:125,1
DA:126,1
DA:127,1
DA:128,1
DA:129,1
DA:130,1
DA:131,1
DA:132,1
DA:133,2
DA:134,2
DA:135,2
DA:136,2
DA:137,2
DA:138,2
DA:139,2
DA:140,2
DA:141,2
DA:142,2
DA:143,2
DA:144,2
DA:145,2
DA:146,2
DA:147,1
DA:149,12
DA:150,1
DA:151,12
DA:152,1
DA:153,12
DA:154,1
DA:155,1
DA:156,1
DA:157,0
DA:158,1
DA:159,12
DA:160,0
DA:161,0
DA:162,0
DA:163,0
DA:164,0
DA:165,0
DA:166,12
DA:167,0
DA:168,0
DA:169,0
DA:170,0
DA:171,0
DA:172,0
DA:173,0
DA:174,0
DA:175,0
DA:176,0
DA:177,0
DA:178,0
DA:179,0
DA:180,0
DA:181,0
DA:182,0
DA:183,0
DA:184,0
DA:185,0
DA:186,12
DA:187,0
DA:188,0
DA:189,0
DA:190,0
DA:191,0
DA:192,12
DA:193,0
DA:195,12
DA:196,0
DA:197,0
DA:198,0
DA:199,0
DA:200,0
DA:201,0
DA:202,0
DA:203,0
DA:204,0
DA:205,0
DA:206,0
DA:207,0
DA:208,0
DA:209,0
DA:210,0
DA:211,0
DA:213,12
DA:214,0
DA:215,0
DA:216,0
DA:217,0
DA:218,0
DA:219,0
DA:220,0
DA:221,0
DA:222,0
DA:223,0
DA:224,0
DA:225,0
DA:226,0
DA:228,12
DA:229,0
DA:230,0
DA:231,0
DA:232,0
DA:233,0
DA:234,0
DA:235,0
DA:236,0
DA:238,0
DA:239,0
DA:240,0
DA:241,0
DA:242,0
DA:243,0
DA:244,0
DA:245,0
DA:247,0
DA:249,0
DA:250,0
DA:251,0
DA:253,12
DA:254,1
DA:255,1
DA:256,1
DA:257,1
DA:258,12
DA:259,1
DA:260,12
DA:261,0
DA:262,12
DA:263,12
DA:264,0
DA:265,12
DA:266,0
DA:267,0
DA:268,0
DA:269,0
DA:270,0
DA:271,0
DA:272,0
DA:273,0
DA:274,0
DA:275,0
DA:276,0
DA:277,0
DA:278,0
DA:279,0
DA:280,0
DA:281,0
DA:282,0
DA:283,0
DA:284,0
DA:285,0
DA:286,0
DA:287,12
DA:288,0
DA:290,12
DA:291,12
DA:292,0
DA:293,0
DA:294,0
DA:295,0
DA:296,0
DA:297,0
DA:298,0
DA:299,0
DA:300,0
DA:301,0
DA:302,0
DA:303,0
DA:304,0
DA:305,0
DA:306,0
DA:307,0
DA:308,0
DA:309,0
DA:310,0
DA:311,0
DA:312,0
DA:313,0
DA:314,0
DA:315,0
DA:316,0
DA:317,0
DA:318,0
DA:319,12
DA:320,0
DA:321,0
DA:322,0
DA:323,0
DA:324,12
DA:325,0
DA:326,0
DA:327,0
DA:328,0
DA:329,0
DA:330,0
DA:331,0
DA:332,0
DA:333,0
DA:335,12
DA:336,0
DA:337,0
DA:338,0
DA:339,0
DA:340,0
DA:341,0
DA:342,0
DA:343,0
DA:345,12
DA:346,1
DA:347,12
DA:348,1
DA:349,1
DA:350,1
DA:351,0
DA:352,0
DA:353,0
DA:354,1
DA:355,0
DA:356,0
DA:357,0
DA:358,0
DA:359,0
DA:360,0
DA:361,0
DA:362,0
DA:363,0
DA:364,1
DA:366,12
DA:367,0
DA:368,0
DA:369,0
DA:370,0
DA:371,0
DA:372,0
DA:373,0
DA:374,0
DA:375,0
DA:376,0
DA:377,12
DA:378,0
DA:379,0
DA:380,0
DA:381,0
DA:382,0
DA:383,0
DA:384,0
DA:385,0
DA:386,0
DA:387,0
DA:388,0
DA:389,0
DA:390,0
DA:391,0
DA:392,0
DA:393,12
DA:395,12
DA:396,12
DA:400,1
DA:401,0
DA:402,0
DA:403,0
DA:404,0
DA:405,0
DA:406,0
DA:407,0
LF:346
LH:123
BRDA:25,0,0,17
BRDA:28,1,0,3
BRDA:31,2,0,0
BRDA:32,3,0,0
BRDA:37,4,0,1
BRDA:39,5,0,0
BRDA:43,6,0,0
BRDA:44,7,0,0
BRDA:49,8,0,1
BRDA:53,9,0,1
BRDA:105,10,0,12
BRDA:109,11,0,1
BRDA:109,12,0,1
BRDA:111,13,0,6
BRDA:112,14,0,6
BRDA:117,15,0,3
BRDA:118,16,0,3
BRDA:121,17,0,1
BRDA:121,18,0,1
BRDA:124,19,0,1
BRDA:125,20,0,1
BRDA:128,21,0,0
BRDA:132,22,0,2
BRDA:136,23,0,0
BRDA:127,24,0,1
BRDA:149,25,0,1
BRDA:150,26,0,0
BRDA:151,27,0,1
BRDA:152,28,0,1
BRDA:153,29,0,1
BRDA:154,30,0,1
BRDA:156,31,0,0
BRDA:253,32,0,1
BRDA:253,33,0,1
BRDA:256,34,0,1
BRDA:258,35,0,1
BRDA:259,36,0,1
BRDA:345,37,0,1
BRDA:346,38,0,1
BRDA:347,39,0,1
BRDA:348,40,0,1
BRDA:350,41,0,0
BRDA:354,42,0,0
BRDA:354,43,0,0
BRDA:354,44,0,0
BRF:45
BRH:32
end_of_record
TN:
SF:src/main/ipc/types.ts
FN:1,(empty-report)
FNF:1
FNH:0
FNDA:0,(empty-report)
DA:1,0
LF:1
LH:0
BRDA:1,0,0,0
BRF:1
BRH:0
end_of_record
TN:
SF:src/main/services/export.ts
FN:27,entryType
FN:32,escapeBibtexValue
FN:46,sanitizeCitekey
FN:50,firstAuthorLastName
FN:58,firstTitleWord
FN:71,buildCitekey
FN:109,formatAuthors
FN:118,formatBibtexEntry
FN:142,toBibtex
FN:165,serialize
FN:187,parseExportJson
FN:204,importReplace
FN:246,importMerge
FN:281,writeExportFile
FN:286,importFromJsonFile
FNF:15
FNH:9
FNDA:17,entryType
FNDA:40,escapeBibtexValue
FNDA:40,sanitizeCitekey
FNDA:17,firstAuthorLastName
FNDA:17,firstTitleWord
FNDA:17,buildCitekey
FNDA:17,formatAuthors
FNDA:17,formatBibtexEntry
FNDA:14,toBibtex
FNDA:0,serialize
FNDA:0,parseExportJson
FNDA:0,importReplace
FNDA:0,importMerge
FNDA:0,writeExportFile
FNDA:0,importFromJsonFile
DA:1,1
DA:5,1
DA:6,1
DA:7,1
DA:8,1
DA:9,1
DA:10,1
DA:11,1
DA:12,1
DA:13,1
DA:14,1
DA:16,1
DA:17,1
DA:18,1
DA:19,1
DA:20,1
DA:21,1
DA:22,1
DA:23,1
DA:24,1
DA:25,1
DA:27,17
DA:28,17
DA:29,14
DA:30,14
DA:32,40
DA:33,40
DA:34,40
DA:35,410
DA:36,4
DA:37,410
DA:38,1
DA:39,406
DA:40,405
DA:41,405
DA:42,410
DA:43,40
DA:44,40
DA:46,40
DA:47,40
DA:48,40
DA:50,17
DA:51,17
DA:52,9
DA:53,17
DA:54,9
DA:55,17
DA:56,17
DA:58,17
DA:59,17
DA:60,14
DA:61,17
DA:62,19
DA:63,19
DA:64,13
DA:65,13
DA:66,19
DA:67,1
DA:68,17
DA:69,17
DA:71,17
DA:72,17
DA:73,17
DA:74,17
DA:76,17
DA:77,15
DA:78,15
DA:79,15
DA:80,15
DA:81,15
DA:82,3
DA:83,3
DA:84,3
DA:85,0
DA:86,0
DA:87,0
DA:88,3
DA:89,15
DA:90,15
DA:91,15
DA:92,15
DA:94,2
DA:95,2
DA:96,2
DA:97,17
DA:98,0
DA:99,0
DA:100,0
DA:101,0
DA:102,0
DA:103,0
DA:104,0
DA:105,2
DA:106,2
DA:107,2
DA:109,17
DA:110,17
DA:111,9
DA:112,9
DA:113,9
DA:114,9
DA:115,9
DA:116,9
DA:118,17
DA:119,17
DA:120,17
DA:122,17
DA:123,17
DA:124,17
DA:125,17
DA:126,17
DA:127,17
DA:128,2
DA:129,2
DA:130,17
DA:131,17
DA:132,17
DA:133,17
DA:134,17
DA:136,17
DA:138,16
DA:139,16
DA:140,16
DA:142,1
DA:143,14
DA:144,14
DA:145,14
DA:146,17
DA:147,17
DA:148,17
DA:149,14
DA:150,14
DA:165,0
DA:166,0
DA:167,0
DA:168,0
DA:169,0
DA:170,0
DA:171,0
DA:172,0
DA:173,0
DA:174,0
DA:176,0
DA:177,0
DA:178,0
DA:179,0
DA:180,0
DA:181,0
DA:182,0
DA:184,0
DA:185,0
DA:187,0
DA:188,0
DA:189,0
DA:190,0
DA:191,0
DA:192,0
DA:193,0
DA:194,0
DA:195,0
DA:196,0
DA:197,0
DA:198,0
DA:199,0
DA:200,0
DA:201,0
DA:202,0
DA:204,0
DA:205,0
DA:206,0
DA:207,0
DA:208,0
DA:210,0
DA:211,0
DA:212,0
DA:213,0
DA:215,0
DA:216,0
DA:217,0
DA:218,0
DA:219,0
DA:220,0
DA:221,0
DA:222,0
DA:223,0
DA:225,0
DA:226,0
DA:227,0
DA:228,0
DA:229,0
DA:230,0
DA:231,0
DA:232,0
DA:233,0
DA:235,0
DA:236,0
DA:237,0
DA:238,0
DA:239,0
DA:240,0
DA:241,0
DA:243,0
DA:244,0
DA:246,0
DA:247,0
DA:248,0
DA:249,0
DA:250,0
DA:251,0
DA:252,0
DA:253,0
DA:254,0
DA:255,0
DA:256,0
DA:258,0
DA:259,0
DA:260,0
DA:261,0
DA:262,0
DA:263,0
DA:264,0
DA:265,0
DA:266,0
DA:267,0
DA:268,0
DA:270,0
DA:271,0
DA:272,0
DA:273,0
DA:274,0
DA:275,0
DA:276,0
DA:278,0
DA:279,0
DA:281,1
DA:282,0
DA:283,0
DA:284,0
DA:286,1
DA:287,0
DA:288,0
DA:289,0
DA:290,0
DA:291,0
DA:292,0
DA:293,0
DA:294,0
DA:295,0
DA:296,0
DA:297,0
LF:250
LH:124
BRDA:27,0,0,17
BRDA:28,1,0,15
BRDA:28,2,0,3
BRDA:28,3,0,14
BRDA:32,4,0,40
BRDA:34,5,0,410
BRDA:35,6,0,4
BRDA:37,7,0,406
BRDA:37,8,0,1
BRDA:39,9,0,405
BRDA:46,10,0,40
BRDA:50,11,0,17
BRDA:51,12,0,8
BRDA:51,13,0,9
BRDA:53,14,0,0
BRDA:53,15,0,9
BRDA:55,16,0,0
BRDA:58,17,0,17
BRDA:59,18,0,3
BRDA:59,19,0,14
BRDA:61,20,0,19
BRDA:63,21,0,13
BRDA:66,22,0,1
BRDA:68,23,0,0
BRDA:67,24,0,1
BRDA:71,25,0,17
BRDA:73,26,0,9
BRDA:73,27,0,8
BRDA:73,28,0,9
BRDA:73,29,0,9
BRDA:76,30,0,8
BRDA:76,31,0,8
BRDA:76,32,0,15
BRDA:81,33,0,3
BRDA:84,34,0,0
BRDA:92,35,0,2
BRDA:97,36,0,0
BRDA:104,37,0,2
BRDA:77,38,0,45
BRDA:109,39,0,17
BRDA:110,40,0,8
BRDA:110,41,0,9
BRDA:113,42,0,11
BRDA:118,43,0,17
BRDA:123,44,0,14
BRDA:125,45,0,9
BRDA:126,46,0,8
BRDA:127,47,0,2
BRDA:130,48,0,2
BRDA:131,49,0,1
BRDA:132,50,0,1
BRDA:133,51,0,1
BRDA:134,52,0,2
BRDA:136,53,0,1
BRDA:136,54,0,16
BRDA:138,55,0,40
BRDA:142,56,0,14
BRDA:145,57,0,17
BRDA:147,58,0,16
BRDA:149,59,0,12
BRDA:149,60,0,2
BRF:61
BRH:56
end_of_record
TN:
SF:src/main/services/files.ts
FN:9,checkMissing
FN:17,processBatch
FN:45,relocate
FNF:3
FNH:3
FNDA:5,checkMissing
FNDA:6,processBatch
FNDA:7,relocate
DA:1,1
DA:2,1
DA:9,1
DA:10,5
DA:11,5
DA:12,5
DA:13,5
DA:14,5
DA:15,5
DA:17,5
DA:18,6
DA:19,6
DA:20,82
DA:21,82
DA:22,82
DA:23,82
DA:24,79
DA:25,79
DA:26,3
DA:27,3
DA:28,3
DA:29,82
DA:30,1
DA:31,1
DA:32,1
DA:33,1
DA:34,1
DA:35,1
DA:36,82
DA:37,6
DA:38,1
DA:39,1
DA:40,6
DA:42,5
DA:43,5
DA:45,1
DA:46,7
DA:47,7
DA:48,7
DA:49,7
DA:50,7
DA:51,7
DA:52,2
DA:53,2
DA:54,7
DA:55,2
DA:56,2
DA:57,3
DA:58,7
DA:60,1
DA:61,1
DA:62,1
DA:64,1
DA:65,1
LF:54
LH:54
BRDA:9,0,0,5
BRDA:17,1,0,6
BRDA:19,2,0,82
BRDA:23,3,0,79
BRDA:23,4,0,79
BRDA:25,5,0,3
BRDA:29,6,0,3
BRDA:29,7,0,1
BRDA:37,8,0,1
BRDA:45,9,0,7
BRDA:51,10,0,2
BRDA:53,11,0,5
BRDA:54,12,0,2
BRDA:56,13,0,3
BRDA:58,14,0,2
BRDA:58,15,0,1
BRF:16
BRH:16
end_of_record
TN:
SF:src/main/services/importer.ts
FN:37,createImporter
FN:43,ensureWorker
FN:69,requestFromWorker
FN:82,validateFilePath
FN:94,showDuplicateDialog
FN:107,importFiles
FN:233,destroy
FN:243,onComplete
FNF:8
FNH:8
FNDA:14,createImporter
FNDA:13,ensureWorker
FNDA:13,requestFromWorker
FNDA:15,validateFilePath
FNDA:1,showDuplicateDialog
FNDA:15,importFiles
FNDA:14,destroy
FNDA:1,onComplete
DA:1,1
DA:2,1
DA:4,1
DA:29,1
DA:37,1
DA:38,14
DA:39,14
DA:40,14
DA:41,14
DA:43,14
DA:44,13
DA:45,12
DA:46,12
DA:47,12
DA:48,12
DA:49,10
DA:50,10
DA:51,10
DA:52,10
DA:53,10
DA:54,10
DA:55,12
DA:56,12
DA:57,2
DA:58,2
DA:59,2
DA:60,2
DA:61,2
DA:62,2
DA:63,2
DA:64,12
DA:65,12
DA:66,12
DA:67,13
DA:69,14
DA:70,13
DA:71,13
DA:72,13
DA:73,13
DA:74,1
DA:75,1
DA:76,13
DA:77,13
DA:78,13
DA:79,13
DA:80,13
DA:82,14
DA:83,15
DA:84,15
DA:85,15
DA:86,14
DA:87,15
DA:88,15
DA:89,0
DA:90,0
DA:91,14
DA:92,15
DA:94,14
DA:95,1
DA:96,1
DA:97,1
DA:98,1
DA:99,1
DA:100,1
DA:101,1
DA:102,1
DA:103,1
DA:104,1
DA:105,1
DA:107,14
DA:108,15
DA:109,15
DA:110,15
DA:111,15
DA:113,15
DA:115,15
DA:116,15
DA:117,15
DA:119,15
DA:120,0
DA:121,0
DA:123,15
DA:124,15
DA:125,1
DA:126,1
DA:127,1
DA:128,1
DA:130,14
DA:131,15
DA:132,1
DA:133,1
DA:134,1
DA:135,1
DA:137,13
DA:138,13
DA:139,13
DA:140,15
DA:141,3
DA:142,3
DA:143,3
DA:144,3
DA:145,3
DA:147,15
DA:148,2
DA:149,2
DA:150,1
DA:151,1
DA:152,1
DA:153,1
DA:154,1
DA:155,1
DA:156,1
DA:157,1
DA:158,1
DA:159,1
DA:160,1
DA:161,1
DA:162,0
DA:163,0
DA:164,0
DA:165,2
DA:166,2
DA:168,15
DA:170,15
DA:171,6
DA:172,6
DA:173,2
DA:174,1
DA:175,1
DA:176,1
DA:177,1
DA:178,1
DA:179,1
DA:180,1
DA:181,1
DA:182,1
DA:183,1
DA:184,0
DA:185,0
DA:186,2
DA:187,6
DA:189,6
DA:190,6
DA:192,6
DA:193,6
DA:194,6
DA:195,6
DA:196,6
DA:197,6
DA:198,6
DA:199,6
DA:200,6
DA:201,6
DA:202,6
DA:203,6
DA:204,6
DA:205,6
DA:206,6
DA:207,6
DA:208,6
DA:209,6
DA:210,6
DA:211,6
DA:212,6
DA:213,6
DA:214,6
DA:215,6
DA:216,6
DA:217,6
DA:218,6
DA:219,6
DA:221,6
DA:222,6
DA:223,6
DA:225,15
DA:226,0
DA:227,0
DA:229,14
DA:230,14
DA:231,15
DA:233,14
DA:234,14
DA:235,9
DA:236,9
DA:237,9
DA:238,9
DA:239,14
DA:240,14
DA:241,14
DA:243,14
DA:244,14
LF:191
LH:180
BRDA:37,0,0,14
BRDA:43,1,0,13
BRDA:44,2,0,1
BRDA:44,3,0,1
BRDA:44,4,0,12
BRDA:48,5,0,10
BRDA:56,6,0,2
BRDA:69,7,0,13
BRDA:72,8,0,13
BRDA:73,9,0,1
BRDA:82,10,0,15
BRDA:84,11,0,0
BRDA:85,12,0,1
BRDA:85,13,0,14
BRDA:87,14,0,0
BRDA:88,15,0,0
BRDA:90,16,0,14
BRDA:94,17,0,1
BRDA:107,18,0,15
BRDA:113,19,0,1
BRDA:113,20,0,14
BRDA:119,21,0,0
BRDA:124,22,0,1
BRDA:128,23,0,14
BRDA:131,24,0,1
BRDA:135,25,0,13
BRDA:139,26,0,10
BRDA:140,27,0,3
BRDA:141,28,0,0
BRDA:145,29,0,10
BRDA:147,30,0,2
BRDA:149,31,0,1
BRDA:161,32,0,0
BRDA:166,33,0,8
BRDA:168,34,0,2
BRDA:170,35,0,6
BRDA:172,36,0,2
BRDA:173,37,0,1
BRDA:183,38,0,0
BRDA:223,39,0,14
BRDA:225,40,0,0
BRDA:227,41,0,14
BRDA:233,42,0,14
BRDA:234,43,0,10
BRDA:234,44,0,9
BRDA:243,45,0,1
BRF:46
BRH:38
end_of_record
TN:
SF:src/main/services/library.ts
FN:6,resolveMovePolicy
FN:16,collisionSafePath
FN:28,moveToLibrary
FN:35,restoreToOriginal
FNF:4
FNH:3
FNDA:1,resolveMovePolicy
FNDA:2,collisionSafePath
FNDA:2,moveToLibrary
FNDA:0,restoreToOriginal
DA:1,1
DA:2,1
DA:6,1
DA:7,1
DA:8,1
DA:9,1
DA:10,1
DA:11,0
DA:12,0
DA:13,1
DA:14,1
DA:16,2
DA:17,2
DA:18,0
DA:19,0
DA:20,0
DA:21,0
DA:22,0
DA:23,0
DA:24,0
DA:25,0
DA:26,0
DA:28,1
DA:29,2
DA:30,2
DA:31,2
DA:32,2
DA:33,2
DA:35,1
DA:36,0
DA:37,0
DA:38,0
DA:39,0
DA:40,0
DA:41,0
DA:42,0
DA:43,0
DA:44,0
DA:45,0
DA:46,0
DA:47,0
DA:48,0
DA:49,0
DA:50,0
DA:51,0
DA:52,0
DA:53,0
DA:54,0
DA:55,0
DA:56,0
LF:50
LH:18
BRDA:6,0,0,1
BRDA:10,1,0,0
BRDA:16,2,0,2
BRDA:17,3,0,0
BRDA:28,4,0,2
BRF:5
BRH:3
end_of_record
TN:
SF:src/main/services/logger.ts
FN:6,initLogger
FNF:1
FNH:0
FNDA:0,initLogger
DA:1,1
DA:4,1
DA:6,1
DA:7,0
DA:8,0
DA:9,0
DA:10,0
DA:11,0
DA:12,0
DA:14,1
LF:10
LH:4
BRF:0
BRH:0
end_of_record
TN:
SF:src/main/services/metadata.ts
FN:32,extractDoiFromText
FN:53,extractDoiFromInfo
FN:59,extractArxivFromText
FN:64,normalizeAuthors
FN:76,mergeMetadata
FN:106,fetchCrossref
FN:172,fetchArxiv
FN:214,createMetadataService
FN:225,ensureWorker
FN:251,requestParse
FN:264,rateGate
FN:281,processJob
FN:354,processQueue
FN:373,enqueue
FN:384,refreshMetadata
FN:389,bulkRefreshMetadata
FN:396,resumeOnStartup
FN:404,destroy
FNF:18
FNH:17
FNDA:11,extractDoiFromText
FNDA:26,extractDoiFromInfo
FNDA:7,extractArxivFromText
FNDA:28,normalizeAuthors
FNDA:28,mergeMetadata
FNDA:17,fetchCrossref
FNDA:3,fetchArxiv
FNDA:14,createMetadataService
FNDA:22,ensureWorker
FNDA:22,requestParse
FNDA:20,rateGate
FNDA:22,processJob
FNDA:44,processQueue
FNDA:24,enqueue
FNDA:1,refreshMetadata
FNDA:1,bulkRefreshMetadata
FNDA:3,resumeOnStartup
FNDA:0,destroy
DA:1,1
DA:2,1
DA:23,1
DA:24,1
DA:28,1
DA:29,1
DA:30,1
DA:32,1
DA:33,11
DA:34,11
DA:35,11
DA:37,11
DA:38,20
DA:39,4
DA:40,4
DA:41,4
DA:42,16
DA:44,12
DA:45,20
DA:46,6
DA:47,6
DA:48,20
DA:50,11
DA:51,11
DA:53,1
DA:54,26
DA:55,26
DA:56,21
DA:57,21
DA:59,1
DA:60,7
DA:61,7
DA:62,7
DA:64,1
DA:65,28
DA:66,25
DA:67,28
DA:68,25
DA:69,27
DA:70,4
DA:71,7
DA:72,3
DA:73,25
DA:74,25
DA:76,1
DA:77,28
DA:78,28
DA:79,28
DA:80,28
DA:81,28
DA:82,28
DA:83,28
DA:84,28
DA:85,28
DA:86,28
DA:88,28
DA:89,280
DA:90,280
DA:92,280
DA:93,280
DA:95,280
DA:96,4
DA:97,4
DA:98,4
DA:100,176
DA:101,176
DA:103,28
DA:104,28
DA:106,17
DA:107,17
DA:108,17
DA:110,17
DA:111,17
DA:112,17
DA:113,17
DA:114,17
DA:115,17
DA:116,17
DA:130,17
DA:131,17
DA:133,17
DA:134,17
DA:135,17
DA:136,17
DA:137,17
DA:138,17
DA:139,0
DA:140,17
DA:141,0
DA:142,17
DA:143,17
DA:144,17
DA:145,17
DA:146,17
DA:147,17
DA:148,17
DA:149,17
DA:151,17
DA:152,17
DA:153,17
DA:154,17
DA:155,17
DA:156,17
DA:157,17
DA:158,17
DA:159,17
DA:160,17
DA:161,17
DA:162,17
DA:163,17
DA:164,17
DA:165,17
DA:166,0
DA:167,17
DA:168,17
DA:169,17
DA:170,17
DA:172,3
DA:173,3
DA:174,3
DA:176,3
DA:177,3
DA:178,3
DA:179,3
DA:180,3
DA:182,3
DA:183,3
DA:185,3
DA:186,3
DA:188,3
DA:189,3
DA:191,3
DA:192,3
DA:194,3
DA:195,3
DA:197,3
DA:198,3
DA:199,3
DA:200,3
DA:201,3
DA:202,3
DA:203,3
DA:204,3
DA:205,3
DA:206,3
DA:207,3
DA:208,0
DA:209,3
DA:210,3
DA:211,3
DA:212,3
DA:214,1
DA:215,14
DA:216,14
DA:217,14
DA:218,14
DA:219,14
DA:220,14
DA:221,14
DA:222,14
DA:223,14
DA:225,14
DA:226,22
DA:227,12
DA:228,12
DA:229,12
DA:230,12
DA:231,22
DA:232,22
DA:233,22
DA:234,22
DA:235,22
DA:236,22
DA:237,12
DA:238,12
DA:239,0
DA:240,0
DA:241,0
DA:242,0
DA:243,0
DA:244,0
DA:245,0
DA:246,12
DA:247,12
DA:248,12
DA:249,22
DA:251,14
DA:252,22
DA:253,22
DA:254,22
DA:255,22
DA:256,0
DA:257,0
DA:258,22
DA:259,22
DA:260,22
DA:261,22
DA:262,22
DA:264,14
DA:265,20
DA:266,20
DA:267,3
DA:268,3
DA:269,1
DA:270,1
DA:271,3
DA:272,20
DA:273,17
DA:274,17
DA:275,9
DA:276,9
DA:277,17
DA:278,17
DA:279,20
DA:281,14
DA:282,22
DA:283,22
DA:285,22
DA:286,22
DA:288,22
DA:289,22
DA:290,22
DA:291,22
DA:292,0
DA:293,0
DA:294,0
DA:295,0
DA:297,22
DA:298,1
DA:299,1
DA:300,1
DA:301,1
DA:303,22
DA:304,22
DA:306,22
DA:307,22
DA:308,4
DA:309,4
DA:311,21
DA:312,21
DA:314,22
DA:315,17
DA:316,17
DA:317,17
DA:318,17
DA:319,17
DA:320,17
DA:321,17
DA:323,22
DA:324,4
DA:325,4
DA:326,3
DA:327,3
DA:328,3
DA:329,3
DA:330,3
DA:331,3
DA:332,3
DA:333,4
DA:335,22
DA:336,1
DA:337,1
DA:338,1
DA:339,1
DA:340,1
DA:342,21
DA:343,21
DA:345,21
DA:346,21
DA:348,21
DA:349,22
DA:350,21
DA:351,21
DA:352,22
DA:354,14
DA:355,44
DA:356,44
DA:357,44
DA:358,22
DA:359,22
DA:360,22
DA:361,22
DA:362,22
DA:363,0
DA:364,22
DA:365,22
DA:366,22
DA:367,22
DA:368,22
DA:369,22
DA:370,44
DA:371,44
DA:373,14
DA:374,24
DA:375,24
DA:376,23
DA:378,22
DA:379,22
DA:380,22
DA:381,22
DA:382,24
DA:384,14
DA:385,1
DA:386,1
DA:387,1
DA:389,14
DA:390,1
DA:391,3
DA:392,3
DA:393,3
DA:394,1
DA:396,14
DA:397,3
DA:398,3
DA:399,3
DA:400,5
DA:401,5
DA:402,3
DA:404,14
DA:405,0
DA:406,0
DA:407,0
DA:408,0
DA:409,0
DA:410,0
DA:411,0
DA:412,0
DA:413,0
DA:415,14
DA:416,14
DA:417,14
DA:418,14
DA:419,14
DA:420,14
DA:421,14
DA:422,14
LF:336
LH:309
BRDA:32,0,0,11
BRDA:37,1,0,20
BRDA:38,2,0,4
BRDA:41,3,0,16
BRDA:42,4,0,4
BRDA:42,5,0,12
BRDA:45,6,0,7
BRDA:45,7,0,6
BRDA:53,8,0,26
BRDA:54,9,0,7
BRDA:54,10,0,6
BRDA:54,11,0,5
BRDA:55,12,0,21
BRDA:55,13,0,5
BRDA:55,14,0,21
BRDA:59,15,0,7
BRDA:61,16,0,5
BRDA:61,17,0,2
BRDA:64,18,0,28
BRDA:65,19,0,26
BRDA:65,20,0,3
BRDA:65,21,0,25
BRDA:67,22,0,0
BRDA:67,23,0,25
BRDA:66,24,0,27
BRDA:68,25,0,27
BRDA:69,26,0,23
BRDA:69,27,0,7
BRDA:69,28,0,4
BRDA:71,29,0,1
BRDA:71,30,0,3
BRDA:76,31,0,28
BRDA:88,32,0,280
BRDA:90,33,0,180
BRDA:90,34,0,101
BRDA:90,35,0,179
BRDA:92,36,0,1
BRDA:95,37,0,4
BRDA:97,38,0,3
BRDA:97,39,0,3
BRDA:97,40,0,3
BRDA:98,41,0,176
BRDA:106,42,0,17
BRDA:115,43,0,0
BRDA:131,44,0,0
BRDA:133,45,0,0
BRDA:140,46,0,0
BRDA:142,47,0,0
BRDA:143,48,0,0
BRDA:144,49,0,0
BRDA:145,50,0,0
BRDA:146,51,0,0
BRDA:147,52,0,0
BRDA:148,53,0,0
BRDA:149,54,0,0
BRDA:165,55,0,0
BRDA:135,56,0,17
BRDA:136,57,0,0
BRDA:137,58,0,0
BRDA:138,59,0,0
BRDA:172,60,0,3
BRDA:179,61,0,0
BRDA:183,62,0,0
BRDA:186,63,0,0
BRDA:189,64,0,0
BRDA:192,65,0,0
BRDA:195,66,0,0
BRDA:207,67,0,0
BRDA:186,68,0,3
BRDA:214,69,0,14
BRDA:225,70,0,22
BRDA:226,71,0,10
BRDA:226,72,0,10
BRDA:226,73,0,12
BRDA:230,74,0,22
BRDA:251,75,0,22
BRDA:254,76,0,22
BRDA:264,77,0,20
BRDA:266,78,0,3
BRDA:268,79,0,1
BRDA:272,80,0,17
BRDA:274,81,0,9
BRDA:269,82,0,1
BRDA:275,83,0,9
BRDA:281,84,0,22
BRDA:283,85,0,0
BRDA:286,86,0,0
BRDA:291,87,0,0
BRDA:297,88,0,1
BRDA:301,89,0,21
BRDA:303,90,0,0
BRDA:304,91,0,0
BRDA:307,92,0,4
BRDA:309,93,0,21
BRDA:314,94,0,17
BRDA:321,95,0,21
BRDA:323,96,0,4
BRDA:325,97,0,3
BRDA:333,98,0,21
BRDA:335,99,0,1
BRDA:337,100,0,0
BRDA:337,101,0,0
BRDA:340,102,0,21
BRDA:343,103,0,0
BRDA:343,104,0,21
BRDA:349,105,0,21
BRDA:354,106,0,44
BRDA:355,107,0,0
BRDA:357,108,0,60
BRDA:357,109,0,22
BRDA:359,110,0,0
BRDA:365,111,0,22
BRDA:373,112,0,24
BRDA:375,113,0,1
BRDA:375,114,0,23
BRDA:376,115,0,1
BRDA:376,116,0,22
BRDA:378,117,0,22
BRDA:384,118,0,1
BRDA:389,119,0,1
BRDA:390,120,0,3
BRDA:396,121,0,3
BRDA:399,122,0,5
BRF:123
BRH:89
end_of_record
TN:
SF:src/main/services/pdfOpen.ts
FN:7,openPdf
FNF:1
FNH:1
FNDA:10,openPdf
DA:1,1
DA:7,10
DA:8,10
DA:9,10
DA:10,9
DA:12,5
DA:13,9
DA:14,2
DA:15,2
DA:17,3
DA:18,3
DA:19,3
DA:20,3
DA:21,3
LF:14
LH:14
BRDA:7,0,0,10
BRDA:9,1,0,3
BRDA:9,2,0,9
BRDA:9,3,0,7
BRDA:10,4,0,2
BRDA:10,5,0,5
BRDA:13,6,0,2
BRDA:15,7,0,3
BRF:8
BRH:8
end_of_record
TN:
SF:src/main/services/watcher.ts
FN:11,createDebouncedImporter
FN:27,createWatcher
FN:31,start
FN:44,ignored
FN:64,stop
FN:73,startAll
FN:79,stopAll
FN:85,destroy
FNF:8
FNH:8
FNDA:14,createDebouncedImporter
FNDA:14,createWatcher
FNDA:16,start
FNDA:7,ignored
FNDA:4,stop
FNDA:1,startAll
FNDA:1,stopAll
FNDA:1,destroy
DA:1,1
DA:2,1
DA:11,14
DA:12,14
DA:13,14
DA:14,14
DA:16,14
DA:17,6
DA:18,6
DA:19,6
DA:20,3
DA:21,3
DA:22,3
DA:23,6
DA:24,6
DA:25,14
DA:27,1
DA:28,14
DA:29,14
DA:31,14
DA:32,16
DA:33,16
DA:34,1
DA:35,1
DA:36,1
DA:38,14
DA:39,16
DA:41,16
DA:42,16
DA:43,16
DA:44,16
DA:45,7
DA:46,7
DA:47,3
DA:48,7
DA:49,16
DA:51,16
DA:52,6
DA:53,6
DA:54,16
DA:56,16
DA:57,0
DA:58,16
DA:60,16
DA:61,16
DA:62,16
DA:64,14
DA:65,4
DA:66,4
DA:67,3
DA:68,3
DA:69,3
DA:70,3
DA:71,4
DA:73,14
DA:74,1
DA:75,2
DA:76,2
DA:77,1
DA:79,14
DA:80,1
DA:81,2
DA:82,2
DA:83,1
DA:85,14
DA:86,1
DA:87,1
DA:89,14
DA:90,14
LF:69
LH:68
BRDA:11,0,0,14
BRDA:16,1,0,6
BRDA:18,2,0,3
BRDA:19,3,0,3
BRDA:27,4,0,14
BRDA:31,5,0,16
BRDA:32,6,0,1
BRDA:32,7,0,15
BRDA:33,8,0,1
BRDA:36,9,0,14
BRDA:39,10,0,0
BRDA:44,11,0,7
BRDA:45,12,0,2
BRDA:45,13,0,5
BRDA:46,14,0,2
BRDA:46,15,0,3
BRDA:51,16,0,6
BRDA:64,17,0,4
BRDA:66,18,0,3
BRDA:73,19,0,1
BRDA:74,20,0,2
BRDA:79,21,0,1
BRDA:80,22,0,2
BRDA:85,23,0,1
BRF:24
BRH:23
end_of_record
TN:
SF:src/main/worker/pdf-worker.ts
FN:19,streamHash
FN:29,parsePdf
FN:70,isPdf
FNF:3
FNH:1
FNDA:3,streamHash
FNDA:0,parsePdf
FNDA:0,isPdf
DA:1,1
DA:2,1
DA:3,1
DA:19,1
DA:20,3
DA:21,3
DA:22,3
DA:23,3
DA:24,3
DA:25,3
DA:26,3
DA:27,3
DA:29,0
DA:31,0
DA:32,0
DA:34,0
DA:36,0
DA:37,0
DA:38,0
DA:39,0
DA:40,0
DA:41,0
DA:43,0
DA:44,0
DA:45,0
DA:46,0
DA:47,0
DA:48,0
DA:49,0
DA:50,0
DA:52,0
DA:53,0
DA:55,0
DA:56,0
DA:57,0
DA:58,0
DA:59,0
DA:60,0
DA:61,0
DA:62,0
DA:63,0
DA:64,0
DA:66,0
DA:67,0
DA:68,0
DA:70,0
DA:71,0
DA:72,0
DA:73,0
DA:74,0
DA:75,0
DA:76,0
DA:77,0
DA:78,0
DA:80,1
DA:81,0
DA:82,0
DA:84,0
DA:85,0
DA:86,0
DA:87,0
DA:88,0
DA:89,0
DA:90,0
DA:92,0
DA:94,0
DA:95,0
DA:96,0
DA:97,0
DA:98,0
DA:99,0
DA:100,0
DA:101,0
DA:102,0
DA:103,0
DA:104,0
DA:106,0
DA:107,0
DA:108,0
DA:109,0
DA:110,0
DA:111,0
DA:112,0
DA:113,0
DA:114,0
DA:115,0
DA:116,0
DA:117,0
DA:118,0
DA:119,0
DA:120,0
DA:121,0
DA:122,0
DA:123,0
DA:124,0
DA:125,0
DA:126,0
DA:127,0
LF:98
LH:13
BRDA:80,0,0,0
BRDA:19,1,0,3
BRDA:20,2,0,3
BRDA:23,3,0,161
BRDA:24,4,0,2
BRDA:25,5,0,1
BRF:6
BRH:5
end_of_record
TN:
SF:src/preload/index.ts
FN:1,(empty-report)
FNF:1
FNH:0
FNDA:0,(empty-report)
DA:1,0
DA:2,0
DA:19,0
DA:20,0
DA:21,0
DA:22,0
DA:23,0
DA:24,0
DA:26,0
DA:27,0
DA:28,0
DA:30,0
DA:32,0
DA:33,0
DA:34,0
DA:35,0
DA:36,0
DA:38,0
DA:39,0
DA:40,0
DA:41,0
DA:42,0
DA:43,0
DA:44,0
DA:46,0
DA:47,0
DA:49,0
DA:50,0
DA:51,0
DA:52,0
DA:53,0
DA:54,0
DA:55,0
DA:56,0
DA:57,0
DA:58,0
DA:59,0
DA:60,0
DA:61,0
DA:62,0
DA:63,0
DA:64,0
DA:65,0
DA:66,0
DA:67,0
DA:68,0
DA:69,0
DA:70,0
DA:72,0
DA:73,0
DA:74,0
DA:75,0
DA:76,0
DA:78,0
DA:79,0
DA:80,0
DA:81,0
DA:82,0
DA:83,0
DA:84,0
DA:85,0
DA:86,0
DA:87,0
DA:88,0
DA:89,0
DA:90,0
DA:92,0
DA:93,0
DA:94,0
DA:95,0
DA:96,0
DA:97,0
DA:99,0
DA:100,0
DA:101,0
DA:102,0
DA:103,0
DA:105,0
DA:106,0
DA:107,0
DA:109,0
DA:110,0
DA:111,0
DA:112,0
DA:114,0
DA:115,0
DA:116,0
DA:117,0
DA:118,0
DA:119,0
DA:120,0
DA:121,0
DA:122,0
DA:123,0
DA:124,0
DA:125,0
DA:127,0
LF:97
LH:0
BRDA:1,0,0,0
BRF:1
BRH:0
end_of_record
TN:
SF:src/renderer/App.tsx
FN:1,(empty-report)
FNF:1
FNH:0
FNDA:0,(empty-report)
DA:1,0
DA:19,0
DA:20,0
DA:21,0
DA:22,0
DA:24,0
DA:25,0
DA:26,0
DA:27,0
DA:28,0
DA:29,0
DA:30,0
DA:32,0
DA:33,0
DA:34,0
DA:35,0
DA:36,0
DA:37,0
DA:38,0
DA:40,0
DA:41,0
DA:42,0
DA:43,0
DA:44,0
DA:45,0
DA:46,0
DA:47,0
DA:48,0
DA:49,0
DA:50,0
DA:51,0
DA:52,0
DA:53,0
DA:55,0
LF:34
LH:0
BRDA:1,0,0,0
BRF:1
BRH:0
end_of_record
TN:
SF:src/renderer/ipc.ts
FNF:0
FNH:0
DA:3,1
LF:1
LH:1
BRF:0
BRH:0
end_of_record
TN:
SF:src/renderer/main.tsx
FN:1,(empty-report)
FNF:1
FNH:0
FNDA:0,(empty-report)
DA:1,0
DA:2,0
DA:3,0
DA:4,0
DA:5,0
DA:6,0
DA:8,0
DA:9,0
DA:10,0
DA:11,0
DA:13,0
DA:14,0
DA:16,0
DA:17,0
DA:18,0
DA:19,0
DA:20,0
DA:21,0
DA:22,0
DA:23,0
DA:24,0
DA:25,0
DA:26,0
DA:27,0
DA:29,0
DA:30,0
DA:31,0
DA:32,0
DA:33,0
DA:34,0
DA:35,0
DA:36,0
LF:32
LH:0
BRDA:1,0,0,0
BRF:1
BRH:0
end_of_record
TN:
SF:src/renderer/components/CategoryDialog.tsx
FN:1,(empty-report)
FNF:1
FNH:0
FNDA:0,(empty-report)
DA:1,0
DA:17,0
DA:18,0
DA:19,0
DA:20,0
DA:21,0
DA:23,0
DA:24,0
DA:25,0
DA:26,0
DA:27,0
DA:28,0
DA:30,0
DA:31,0
DA:32,0
DA:34,0
DA:36,0
DA:37,0
DA:38,0
DA:40,0
DA:41,0
DA:42,0
DA:43,0
DA:44,0
DA:45,0
DA:46,0
DA:47,0
DA:48,0
DA:49,0
DA:50,0
DA:51,0
DA:52,0
DA:53,0
DA:54,0
DA:56,0
DA:57,0
DA:58,0
DA:59,0
DA:61,0
DA:62,0
DA:63,0
DA:65,0
DA:66,0
DA:67,0
DA:68,0
DA:69,0
DA:70,0
DA:71,0
DA:72,0
DA:73,0
DA:74,0
DA:75,0
DA:76,0
DA:77,0
DA:78,0
DA:79,0
DA:80,0
DA:81,0
DA:82,0
DA:83,0
DA:84,0
DA:85,0
DA:86,0
DA:87,0
DA:88,0
DA:89,0
DA:90,0
DA:91,0
DA:92,0
DA:93,0
DA:94,0
DA:95,0
DA:96,0
DA:97,0
DA:98,0
DA:99,0
DA:100,0
DA:101,0
DA:102,0
DA:103,0
DA:104,0
DA:105,0
DA:106,0
DA:107,0
DA:108,0
DA:109,0
DA:110,0
DA:112,0
DA:113,0
DA:114,0
DA:115,0
DA:116,0
DA:117,0
DA:119,0
DA:120,0
DA:121,0
DA:122,0
DA:123,0
DA:124,0
DA:126,0
LF:100
LH:0
BRDA:1,0,0,0
BRF:1
BRH:0
end_of_record
TN:
SF:src/renderer/components/ConfirmDialog.tsx
FN:1,(empty-report)
FNF:1
FNH:0
FNDA:0,(empty-report)
DA:1,0
DA:4,0
DA:5,0
DA:6,0
DA:7,0
DA:8,0
DA:10,0
DA:12,0
DA:13,0
DA:14,0
DA:15,0
DA:16,0
DA:17,0
DA:18,0
DA:19,0
DA:21,0
DA:22,0
DA:23,0
DA:24,0
DA:25,0
DA:27,0
DA:28,0
DA:29,0
DA:30,0
DA:31,0
DA:33,0
LF:26
LH:0
BRDA:1,0,0,0
BRF:1
BRH:0
end_of_record
TN:
SF:src/renderer/components/DetailPanel.tsx
FN:1,(empty-report)
FNF:1
FNH:0
FNDA:0,(empty-report)
DA:1,0
DA:13,0
DA:14,0
DA:15,0
DA:16,0
DA:17,0
DA:18,0
DA:19,0
DA:20,0
DA:21,0
DA:22,0
DA:23,0
DA:24,0
DA:26,0
DA:27,0
DA:28,0
DA:29,0
DA:30,0
DA:31,0
DA:32,0
DA:34,0
DA:35,0
DA:36,0
DA:37,0
DA:38,0
DA:39,0
DA:40,0
DA:41,0
DA:43,0
DA:44,0
DA:45,0
DA:46,0
DA:47,0
DA:48,0
DA:49,0
DA:50,0
DA:57,0
DA:58,0
DA:59,0
DA:60,0
DA:61,0
DA:62,0
DA:63,0
DA:65,0
DA:66,0
DA:67,0
DA:69,0
DA:70,0
DA:71,0
DA:73,0
DA:74,0
DA:75,0
DA:76,0
DA:77,0
DA:78,0
DA:79,0
DA:80,0
DA:81,0
DA:82,0
DA:83,0
DA:84,0
DA:85,0
DA:86,0
DA:87,0
DA:88,0
DA:89,0
DA:90,0
DA:91,0
DA:92,0
DA:93,0
DA:94,0
DA:96,0
DA:97,0
DA:98,0
DA:99,0
DA:100,0
DA:101,0
DA:102,0
DA:103,0
DA:104,0
DA:105,0
DA:106,0
DA:107,0
DA:108,0
DA:109,0
DA:110,0
DA:111,0
DA:112,0
DA:114,0
DA:116,0
DA:117,0
DA:118,0
DA:119,0
DA:120,0
DA:121,0
DA:122,0
DA:123,0
DA:125,0
DA:126,0
DA:127,0
DA:128,0
DA:130,0
DA:131,0
DA:132,0
DA:133,0
DA:134,0
DA:135,0
DA:136,0
DA:137,0
DA:138,0
DA:139,0
DA:140,0
DA:141,0
DA:142,0
DA:143,0
DA:144,0
DA:145,0
DA:146,0
DA:147,0
DA:149,0
DA:150,0
DA:151,0
DA:152,0
DA:153,0
DA:154,0
DA:155,0
DA:156,0
DA:158,0
DA:159,0
DA:161,0
DA:162,0
DA:163,0
DA:164,0
DA:165,0
DA:167,0
DA:168,0
DA:170,0
DA:171,0
DA:173,0
DA:175,0
DA:176,0
DA:177,0
DA:178,0
DA:179,0
DA:183,0
DA:184,0
DA:185,0
DA:186,0
DA:187,0
DA:188,0
DA:190,0
DA:191,0
DA:192,0
DA:194,0
DA:195,0
DA:196,0
DA:197,0
DA:198,0
DA:199,0
DA:200,0
DA:201,0
DA:202,0
DA:203,0
DA:204,0
DA:205,0
DA:206,0
DA:207,0
DA:208,0
DA:210,0
DA:211,0
DA:212,0
DA:213,0
DA:214,0
DA:216,0
DA:217,0
DA:218,0
DA:219,0
DA:220,0
DA:221,0
DA:222,0
DA:223,0
DA:225,0
DA:226,0
DA:227,0
DA:228,0
DA:230,0
DA:231,0
DA:232,0
DA:233,0
DA:234,0
DA:235,0
DA:236,0
DA:237,0
DA:238,0
DA:239,0
DA:240,0
DA:242,0
DA:244,0
DA:245,0
DA:246,0
DA:247,0
DA:250,0
DA:251,0
DA:252,0
DA:253,0
DA:254,0
DA:255,0
DA:257,0
DA:258,0
DA:259,0
DA:261,0
DA:262,0
DA:264,0
DA:265,0
DA:266,0
DA:267,0
DA:268,0
DA:269,0
DA:270,0
DA:271,0
DA:272,0
DA:273,0
DA:274,0
DA:276,0
DA:277,0
DA:278,0
DA:279,0
DA:280,0
DA:281,0
DA:282,0
DA:283,0
DA:284,0
DA:285,0
DA:286,0
DA:287,0
DA:289,0
DA:290,0
DA:291,0
DA:292,0
DA:293,0
DA:294,0
DA:295,0
DA:296,0
DA:297,0
DA:298,0
DA:300,0
DA:301,0
DA:302,0
DA:303,0
DA:304,0
DA:306,0
DA:307,0
DA:308,0
DA:309,0
DA:310,0
DA:311,0
DA:312,0
DA:313,0
DA:314,0
DA:315,0
DA:316,0
DA:317,0
DA:318,0
DA:320,0
DA:321,0
DA:322,0
DA:323,0
DA:324,0
DA:325,0
DA:326,0
DA:327,0
DA:329,0
DA:331,0
DA:332,0
DA:333,0
DA:334,0
DA:336,0
DA:338,0
DA:339,0
DA:341,0
DA:343,0
DA:344,0
DA:345,0
DA:346,0
DA:347,0
DA:348,0
DA:349,0
DA:351,0
DA:352,0
DA:353,0
DA:354,0
DA:356,0
DA:357,0
DA:358,0
DA:359,0
DA:360,0
DA:362,0
DA:363,0
DA:364,0
DA:365,0
DA:366,0
DA:367,0
DA:368,0
DA:369,0
DA:371,0
DA:372,0
DA:373,0
DA:374,0
DA:375,0
DA:376,0
DA:377,0
DA:378,0
DA:379,0
DA:380,0
DA:382,0
DA:383,0
DA:384,0
DA:385,0
DA:387,0
DA:388,0
DA:389,0
DA:390,0
DA:391,0
DA:392,0
DA:393,0
DA:395,0
DA:396,0
DA:397,0
DA:399,0
DA:400,0
DA:401,0
DA:402,0
DA:403,0
DA:404,0
DA:405,0
DA:406,0
DA:407,0
DA:408,0
DA:409,0
DA:411,0
DA:412,0
DA:413,0
DA:414,0
DA:415,0
DA:416,0
DA:418,0
DA:419,0
DA:420,0
DA:421,0
DA:422,0
DA:423,0
DA:424,0
DA:425,0
DA:426,0
DA:427,0
DA:428,0
DA:429,0
DA:431,0
DA:432,0
DA:434,0
DA:435,0
DA:436,0
DA:437,0
DA:439,0
DA:440,0
DA:442,0
DA:443,0
DA:445,0
DA:446,0
DA:447,0
DA:448,0
DA:449,0
DA:451,0
DA:452,0
DA:453,0
DA:456,0
DA:458,0
DA:460,0
DA:461,0
DA:462,0
DA:464,0
DA:465,0
DA:466,0
DA:468,0
DA:470,0
DA:471,0
DA:472,0
DA:473,0
DA:476,0
DA:477,0
DA:478,0
DA:479,0
DA:480,0
DA:481,0
DA:482,0
DA:484,0
DA:485,0
DA:486,0
DA:488,0
DA:489,0
DA:490,0
DA:491,0
DA:492,0
DA:493,0
DA:494,0
DA:495,0
DA:496,0
DA:498,0
DA:499,0
DA:500,0
DA:501,0
DA:502,0
DA:503,0
DA:504,0
DA:505,0
DA:506,0
DA:507,0
DA:509,0
DA:510,0
DA:511,0
DA:512,0
DA:513,0
DA:514,0
DA:515,0
DA:516,0
DA:517,0
DA:518,0
DA:519,0
DA:521,0
DA:522,0
DA:523,0
DA:524,0
DA:525,0
DA:527,0
DA:528,0
DA:529,0
DA:530,0
DA:532,0
DA:534,0
DA:535,0
DA:536,0
DA:537,0
DA:538,0
DA:539,0
DA:541,0
DA:543,0
DA:544,0
DA:545,0
DA:546,0
DA:547,0
DA:548,0
DA:549,0
DA:550,0
DA:552,0
DA:554,0
DA:556,0
DA:557,0
DA:558,0
DA:559,0
DA:560,0
DA:561,0
DA:562,0
DA:563,0
DA:564,0
DA:565,0
DA:567,0
DA:569,0
DA:571,0
DA:572,0
DA:573,0
DA:574,0
DA:575,0
DA:576,0
DA:577,0
DA:579,0
DA:581,0
LF:476
LH:0
BRDA:1,0,0,0
BRF:1
BRH:0
end_of_record
TN:
SF:src/renderer/components/DocumentList.tsx
FN:1,(empty-report)
FNF:1
FNH:0
FNDA:0,(empty-report)
DA:1,0
DA:9,0
DA:10,0
DA:11,0
DA:13,0
DA:14,0
DA:15,0
DA:16,0
DA:17,0
DA:18,0
DA:19,0
DA:21,0
DA:22,0
DA:23,0
DA:24,0
DA:25,0
DA:26,0
DA:27,0
DA:28,0
DA:30,0
DA:31,0
DA:32,0
DA:33,0
DA:34,0
DA:35,0
DA:36,0
DA:37,0
DA:38,0
DA:39,0
DA:40,0
DA:41,0
DA:42,0
DA:43,0
DA:44,0
DA:45,0
DA:47,0
DA:48,0
DA:49,0
DA:50,0
DA:51,0
DA:52,0
DA:53,0
DA:54,0
DA:55,0
DA:56,0
DA:65,0
DA:66,0
DA:67,0
DA:68,0
DA:70,0
DA:71,0
DA:72,0
DA:73,0
DA:74,0
DA:76,0
DA:77,0
DA:78,0
DA:79,0
DA:81,0
DA:82,0
DA:83,0
DA:84,0
DA:85,0
DA:86,0
DA:87,0
DA:88,0
DA:89,0
DA:90,0
DA:91,0
DA:93,0
DA:94,0
DA:95,0
DA:96,0
DA:97,0
DA:98,0
DA:99,0
DA:101,0
DA:103,0
DA:104,0
DA:105,0
DA:106,0
DA:107,0
DA:108,0
DA:110,0
DA:111,0
DA:112,0
DA:113,0
DA:114,0
DA:116,0
DA:117,0
DA:118,0
DA:119,0
DA:120,0
DA:122,0
DA:124,0
DA:125,0
DA:126,0
DA:127,0
DA:128,0
DA:129,0
DA:130,0
DA:136,0
DA:137,0
DA:139,0
DA:140,0
DA:141,0
DA:142,0
DA:143,0
DA:144,0
DA:145,0
DA:146,0
DA:147,0
DA:148,0
DA:149,0
DA:150,0
DA:151,0
DA:152,0
DA:154,0
DA:156,0
DA:157,0
DA:158,0
DA:159,0
DA:160,0
DA:161,0
DA:163,0
DA:164,0
DA:165,0
DA:166,0
DA:167,0
DA:168,0
DA:169,0
DA:170,0
DA:171,0
DA:173,0
DA:174,0
DA:175,0
DA:176,0
DA:177,0
DA:178,0
DA:179,0
DA:180,0
DA:182,0
DA:183,0
DA:184,0
DA:185,0
DA:186,0
DA:187,0
DA:188,0
DA:189,0
DA:190,0
DA:198,0
DA:199,0
DA:201,0
DA:202,0
DA:203,0
DA:204,0
DA:205,0
DA:206,0
DA:207,0
DA:208,0
DA:209,0
DA:210,0
DA:211,0
DA:212,0
DA:213,0
DA:214,0
DA:216,0
DA:217,0
DA:218,0
DA:219,0
DA:220,0
DA:221,0
DA:223,0
DA:224,0
DA:225,0
DA:226,0
DA:227,0
DA:228,0
DA:230,0
DA:231,0
DA:232,0
DA:233,0
DA:234,0
DA:235,0
DA:236,0
DA:237,0
DA:238,0
DA:239,0
DA:240,0
DA:242,0
DA:243,0
DA:244,0
DA:245,0
DA:246,0
DA:247,0
DA:248,0
DA:250,0
DA:251,0
DA:252,0
DA:253,0
DA:254,0
DA:255,0
DA:256,0
DA:257,0
DA:258,0
DA:259,0
DA:260,0
DA:261,0
DA:262,0
DA:263,0
DA:264,0
DA:265,0
DA:266,0
DA:268,0
DA:270,0
DA:271,0
DA:272,0
DA:274,0
DA:275,0
DA:276,0
DA:277,0
DA:278,0
DA:279,0
DA:281,0
DA:282,0
DA:283,0
DA:284,0
DA:285,0
DA:286,0
DA:287,0
DA:288,0
DA:289,0
DA:290,0
DA:291,0
DA:292,0
DA:293,0
DA:294,0
DA:295,0
DA:296,0
DA:297,0
DA:298,0
DA:300,0
DA:301,0
DA:302,0
DA:304,0
DA:306,0
DA:308,0
DA:309,0
DA:310,0
DA:311,0
DA:312,0
DA:313,0
DA:315,0
DA:316,0
DA:317,0
DA:319,0
DA:320,0
DA:321,0
DA:322,0
DA:323,0
DA:324,0
DA:325,0
DA:326,0
DA:327,0
DA:329,0
DA:330,0
DA:331,0
DA:332,0
DA:333,0
DA:334,0
DA:335,0
DA:336,0
DA:337,0
DA:339,0
DA:340,0
DA:341,0
DA:342,0
DA:343,0
DA:344,0
DA:345,0
DA:347,0
DA:348,0
DA:349,0
DA:350,0
DA:351,0
DA:352,0
DA:353,0
DA:355,0
DA:356,0
DA:357,0
DA:359,0
DA:360,0
DA:361,0
DA:362,0
DA:363,0
DA:364,0
DA:365,0
DA:366,0
DA:367,0
DA:368,0
DA:369,0
DA:370,0
DA:371,0
DA:372,0
DA:373,0
DA:375,0
DA:376,0
DA:377,0
DA:378,0
DA:379,0
DA:380,0
DA:382,0
DA:383,0
DA:384,0
DA:385,0
DA:386,0
DA:387,0
DA:388,0
DA:389,0
DA:391,0
DA:392,0
DA:393,0
DA:394,0
DA:395,0
DA:396,0
DA:397,0
DA:398,0
DA:399,0
DA:400,0
DA:401,0
DA:402,0
DA:403,0
DA:404,0
DA:405,0
DA:406,0
DA:407,0
DA:408,0
DA:409,0
DA:410,0
DA:411,0
DA:412,0
DA:413,0
DA:414,0
DA:416,0
DA:417,0
DA:418,0
DA:419,0
DA:420,0
DA:422,0
DA:423,0
DA:424,0
DA:426,0
DA:428,0
DA:429,0
DA:430,0
DA:431,0
DA:432,0
DA:433,0
DA:434,0
DA:436,0
DA:437,0
DA:438,0
DA:439,0
DA:440,0
DA:441,0
DA:443,0
DA:444,0
DA:445,0
DA:446,0
DA:447,0
DA:448,0
DA:450,0
DA:451,0
DA:452,0
DA:453,0
DA:454,0
DA:455,0
DA:456,0
DA:457,0
DA:458,0
DA:459,0
DA:460,0
DA:461,0
DA:462,0
DA:463,0
DA:464,0
DA:466,0
DA:467,0
DA:468,0
DA:469,0
DA:470,0
DA:471,0
DA:473,0
DA:474,0
DA:475,0
DA:476,0
DA:477,0
DA:478,0
DA:479,0
DA:480,0
DA:481,0
DA:482,0
DA:483,0
DA:484,0
DA:485,0
DA:486,0
DA:487,0
DA:488,0
DA:489,0
DA:491,0
DA:492,0
DA:494,0
DA:495,0
DA:496,0
DA:497,0
DA:498,0
DA:499,0
DA:500,0
DA:501,0
DA:502,0
DA:504,0
DA:506,0
DA:507,0
DA:508,0
DA:509,0
DA:510,0
DA:511,0
DA:512,0
DA:513,0
DA:514,0
DA:515,0
DA:517,0
DA:518,0
DA:519,0
DA:520,0
DA:521,0
DA:522,0
DA:523,0
DA:524,0
DA:526,0
DA:527,0
DA:528,0
DA:529,0
DA:531,0
DA:533,0
DA:534,0
DA:535,0
DA:536,0
DA:537,0
DA:538,0
DA:540,0
DA:541,0
DA:543,0
DA:544,0
DA:546,0
DA:548,0
DA:549,0
DA:550,0
DA:551,0
DA:552,0
DA:553,0
DA:554,0
DA:555,0
DA:558,0
DA:559,0
DA:560,0
DA:561,0
DA:562,0
DA:563,0
DA:564,0
DA:565,0
DA:566,0
DA:567,0
DA:569,0
DA:571,0
LF:475
LH:0
BRDA:1,0,0,0
BRF:1
BRH:0
end_of_record
TN:
SF:src/renderer/components/FirstRunWizard.tsx
FN:1,(empty-report)
FNF:1
FNH:0
FNDA:0,(empty-report)
DA:1,0
DA:9,0
DA:10,0
DA:11,0
DA:13,0
DA:14,0
DA:15,0
DA:16,0
DA:17,0
DA:18,0
DA:19,0
DA:20,0
DA:22,0
DA:23,0
DA:24,0
DA:25,0
DA:27,0
DA:28,0
DA:29,0
DA:31,0
DA:32,0
DA:33,0
DA:34,0
DA:35,0
DA:36,0
DA:37,0
DA:38,0
DA:39,0
DA:40,0
DA:41,0
DA:42,0
DA:43,0
DA:44,0
DA:45,0
DA:47,0
DA:48,0
DA:49,0
DA:50,0
DA:51,0
DA:52,0
DA:54,0
DA:55,0
DA:56,0
DA:57,0
DA:58,0
DA:60,0
LF:46
LH:0
BRDA:1,0,0,0
BRF:1
BRH:0
end_of_record
TN:
SF:src/renderer/components/SettingsModal.tsx
FN:1,(empty-report)
FNF:1
FNH:0
FNDA:0,(empty-report)
DA:1,0
DA:12,0
DA:13,0
DA:14,0
DA:15,0
DA:16,0
DA:17,0
DA:18,0
DA:19,0
DA:20,0
DA:22,0
DA:23,0
DA:24,0
DA:25,0
DA:26,0
DA:27,0
DA:29,0
DA:30,0
DA:31,0
DA:32,0
DA:33,0
DA:34,0
DA:35,0
DA:36,0
DA:37,0
DA:38,0
DA:39,0
DA:40,0
DA:41,0
DA:42,0
DA:43,0
DA:44,0
DA:46,0
DA:47,0
DA:48,0
DA:50,0
DA:51,0
DA:52,0
DA:53,0
DA:54,0
DA:55,0
DA:56,0
DA:57,0
DA:58,0
DA:59,0
DA:60,0
DA:61,0
DA:63,0
DA:64,0
DA:65,0
DA:66,0
DA:67,0
DA:68,0
DA:69,0
DA:70,0
DA:71,0
DA:73,0
DA:74,0
DA:75,0
DA:76,0
DA:77,0
DA:78,0
DA:79,0
DA:80,0
DA:81,0
DA:83,0
DA:84,0
DA:85,0
DA:86,0
DA:87,0
DA:88,0
DA:89,0
DA:90,0
DA:91,0
DA:92,0
DA:93,0
DA:95,0
DA:96,0
DA:97,0
DA:98,0
DA:99,0
DA:100,0
DA:101,0
DA:102,0
DA:103,0
DA:104,0
DA:105,0
DA:107,0
DA:108,0
DA:109,0
DA:110,0
DA:111,0
DA:112,0
DA:113,0
DA:114,0
DA:115,0
DA:116,0
DA:118,0
DA:120,0
DA:122,0
DA:123,0
DA:124,0
DA:125,0
DA:127,0
DA:128,0
DA:129,0
DA:131,0
DA:132,0
DA:133,0
DA:135,0
DA:136,0
DA:137,0
DA:138,0
DA:139,0
DA:140,0
DA:141,0
DA:142,0
DA:143,0
DA:144,0
DA:146,0
DA:147,0
DA:148,0
DA:149,0
DA:151,0
DA:152,0
DA:153,0
DA:154,0
DA:155,0
DA:157,0
DA:158,0
DA:159,0
DA:161,0
DA:162,0
DA:163,0
DA:164,0
DA:165,0
DA:166,0
DA:167,0
DA:168,0
DA:169,0
DA:170,0
DA:172,0
DA:173,0
DA:174,0
DA:175,0
DA:176,0
DA:177,0
DA:178,0
DA:179,0
DA:180,0
DA:181,0
DA:183,0
DA:184,0
DA:185,0
DA:186,0
DA:188,0
DA:189,0
DA:190,0
DA:191,0
DA:192,0
DA:193,0
DA:195,0
DA:196,0
DA:197,0
DA:198,0
DA:200,0
DA:201,0
DA:202,0
DA:203,0
DA:204,0
DA:205,0
DA:206,0
DA:207,0
DA:208,0
DA:209,0
DA:210,0
DA:212,0
DA:213,0
DA:214,0
DA:215,0
DA:216,0
DA:217,0
DA:218,0
DA:219,0
DA:220,0
DA:221,0
DA:222,0
DA:223,0
DA:225,0
DA:226,0
DA:227,0
DA:228,0
DA:231,0
DA:232,0
DA:233,0
DA:234,0
DA:236,0
DA:237,0
DA:238,0
DA:240,0
DA:241,0
DA:242,0
DA:243,0
DA:244,0
DA:245,0
DA:247,0
LF:206
LH:0
BRDA:1,0,0,0
BRF:1
BRH:0
end_of_record
TN:
SF:src/renderer/components/Sidebar.tsx
FN:1,(empty-report)
FNF:1
FNH:0
FNDA:0,(empty-report)
DA:1,0
DA:11,0
DA:17,0
DA:18,0
DA:19,0
DA:20,0
DA:21,0
DA:22,0
DA:24,0
DA:25,0
DA:26,0
DA:27,0
DA:28,0
DA:29,0
DA:30,0
DA:31,0
DA:32,0
DA:40,0
DA:41,0
DA:42,0
DA:43,0
DA:44,0
DA:45,0
DA:46,0
DA:47,0
DA:48,0
DA:49,0
DA:50,0
DA:51,0
DA:52,0
DA:53,0
DA:54,0
DA:56,0
DA:57,0
DA:59,0
DA:61,0
DA:62,0
DA:63,0
DA:64,0
DA:65,0
DA:69,0
DA:70,0
DA:71,0
DA:72,0
DA:73,0
DA:74,0
DA:76,0
DA:77,0
DA:78,0
DA:79,0
DA:81,0
DA:83,0
DA:84,0
DA:85,0
DA:86,0
DA:87,0
DA:88,0
DA:89,0
DA:90,0
DA:91,0
DA:99,0
DA:100,0
DA:102,0
DA:103,0
DA:104,0
DA:105,0
DA:106,0
DA:107,0
DA:108,0
DA:109,0
DA:110,0
DA:111,0
DA:112,0
DA:113,0
DA:114,0
DA:115,0
DA:117,0
DA:118,0
DA:119,0
DA:120,0
DA:121,0
DA:122,0
DA:124,0
DA:125,0
DA:126,0
DA:127,0
DA:128,0
DA:129,0
DA:131,0
DA:132,0
DA:133,0
DA:134,0
DA:135,0
DA:136,0
DA:137,0
DA:138,0
DA:139,0
DA:140,0
DA:142,0
DA:143,0
DA:144,0
DA:145,0
DA:146,0
DA:147,0
DA:148,0
DA:149,0
DA:151,0
DA:152,0
DA:153,0
DA:155,0
DA:156,0
DA:157,0
DA:158,0
DA:160,0
DA:161,0
DA:162,0
DA:163,0
DA:164,0
DA:165,0
DA:166,0
DA:167,0
DA:168,0
DA:169,0
DA:171,0
DA:172,0
DA:173,0
DA:174,0
DA:176,0
DA:177,0
DA:178,0
DA:179,0
DA:181,0
DA:182,0
DA:183,0
DA:184,0
DA:185,0
DA:186,0
DA:187,0
DA:188,0
DA:189,0
DA:191,0
DA:192,0
DA:193,0
DA:194,0
DA:195,0
DA:196,0
DA:198,0
DA:199,0
DA:200,0
DA:201,0
DA:202,0
DA:203,0
DA:204,0
DA:206,0
DA:207,0
DA:208,0
DA:209,0
DA:210,0
DA:211,0
DA:212,0
DA:213,0
DA:215,0
DA:216,0
DA:217,0
DA:218,0
DA:219,0
DA:220,0
DA:222,0
DA:223,0
DA:224,0
DA:225,0
DA:226,0
DA:227,0
DA:228,0
DA:229,0
DA:230,0
DA:231,0
DA:232,0
DA:233,0
DA:234,0
DA:235,0
DA:237,0
DA:238,0
DA:239,0
DA:240,0
DA:242,0
DA:243,0
DA:244,0
DA:245,0
DA:247,0
DA:248,0
DA:249,0
DA:250,0
DA:251,0
DA:253,0
DA:254,0
DA:255,0
DA:256,0
DA:257,0
DA:259,0
DA:260,0
DA:261,0
DA:262,0
DA:263,0
DA:264,0
DA:265,0
DA:266,0
DA:267,0
DA:268,0
DA:269,0
DA:271,0
DA:272,0
DA:273,0
DA:274,0
DA:275,0
DA:276,0
DA:277,0
DA:278,0
DA:279,0
DA:280,0
DA:281,0
DA:283,0
DA:284,0
DA:285,0
DA:286,0
DA:287,0
DA:288,0
DA:290,0
DA:291,0
DA:292,0
DA:294,0
DA:295,0
DA:296,0
DA:297,0
DA:298,0
DA:299,0
DA:300,0
DA:301,0
DA:302,0
DA:303,0
DA:304,0
DA:305,0
DA:306,0
DA:307,0
DA:308,0
DA:309,0
DA:311,0
DA:312,0
DA:313,0
DA:314,0
DA:316,0
DA:317,0
DA:318,0
DA:319,0
DA:320,0
DA:321,0
DA:322,0
DA:323,0
DA:324,0
DA:325,0
DA:326,0
DA:328,0
DA:329,0
DA:330,0
DA:331,0
DA:332,0
DA:333,0
DA:335,0
DA:336,0
DA:337,0
DA:338,0
DA:339,0
DA:340,0
DA:341,0
DA:342,0
DA:343,0
DA:345,0
DA:346,0
DA:348,0
DA:349,0
DA:350,0
DA:351,0
DA:352,0
DA:353,0
DA:354,0
DA:355,0
DA:356,0
DA:357,0
DA:360,0
DA:361,0
DA:362,0
DA:363,0
DA:364,0
DA:365,0
DA:366,0
DA:367,0
DA:369,0
DA:370,0
DA:371,0
DA:372,0
DA:374,0
DA:375,0
DA:376,0
DA:377,0
DA:378,0
DA:379,0
DA:380,0
DA:381,0
DA:382,0
DA:383,0
DA:385,0
DA:386,0
DA:387,0
DA:388,0
DA:389,0
DA:391,0
DA:392,0
DA:393,0
DA:394,0
DA:395,0
DA:397,0
DA:399,0
LF:322
LH:0
BRDA:1,0,0,0
BRF:1
BRH:0
end_of_record
TN:
SF:src/renderer/components/Splash.tsx
FN:1,(empty-report)
FNF:1
FNH:0
FNDA:0,(empty-report)
DA:1,0
DA:2,0
DA:3,0
DA:4,0
DA:5,0
DA:6,0
DA:7,0
DA:8,0
DA:9,0
DA:10,0
DA:11,0
DA:12,0
DA:13,0
DA:14,0
DA:16,0
DA:17,0
DA:18,0
DA:19,0
DA:20,0
DA:22,0
LF:20
LH:0
BRDA:1,0,0,0
BRF:1
BRH:0
end_of_record
TN:
SF:src/renderer/components/TopBar.tsx
FN:1,(empty-report)
FNF:1
FNH:0
FNDA:0,(empty-report)
DA:1,0
DA:13,0
DA:14,0
DA:15,0
DA:16,0
DA:17,0
DA:18,0
DA:19,0
DA:20,0
DA:21,0
DA:22,0
DA:24,0
DA:25,0
DA:26,0
DA:28,0
DA:29,0
DA:30,0
DA:32,0
DA:33,0
DA:34,0
DA:35,0
DA:37,0
DA:38,0
DA:39,0
DA:41,0
DA:42,0
DA:43,0
DA:44,0
DA:45,0
DA:46,0
DA:48,0
DA:49,0
DA:50,0
DA:51,0
DA:52,0
DA:53,0
DA:54,0
DA:55,0
DA:56,0
DA:57,0
DA:58,0
DA:59,0
DA:60,0
DA:61,0
DA:62,0
DA:63,0
DA:64,0
DA:65,0
DA:66,0
DA:67,0
DA:68,0
DA:69,0
DA:70,0
DA:71,0
DA:72,0
DA:73,0
DA:74,0
DA:75,0
DA:76,0
DA:78,0
DA:79,0
DA:80,0
DA:81,0
DA:82,0
DA:83,0
DA:84,0
DA:85,0
DA:86,0
DA:87,0
DA:88,0
DA:89,0
DA:90,0
DA:91,0
DA:92,0
DA:93,0
DA:94,0
DA:95,0
DA:96,0
DA:97,0
DA:98,0
DA:99,0
DA:101,0
LF:82
LH:0
BRDA:1,0,0,0
BRF:1
BRH:0
end_of_record
TN:
SF:src/renderer/components/WatchFoldersSettings.tsx
FN:1,(empty-report)
FNF:1
FNH:0
FNDA:0,(empty-report)
DA:1,0
DA:11,0
DA:12,0
DA:13,0
DA:14,0
DA:16,0
DA:17,0
DA:18,0
DA:19,0
DA:20,0
DA:21,0
DA:22,0
DA:23,0
DA:25,0
DA:26,0
DA:27,0
DA:28,0
DA:29,0
DA:30,0
DA:32,0
DA:34,0
DA:35,0
DA:36,0
DA:38,0
DA:39,0
DA:40,0
DA:41,0
DA:42,0
DA:43,0
DA:44,0
DA:45,0
DA:46,0
DA:47,0
DA:49,0
DA:50,0
DA:51,0
DA:52,0
DA:53,0
DA:54,0
DA:55,0
DA:56,0
DA:57,0
DA:58,0
DA:59,0
DA:61,0
DA:62,0
DA:63,0
DA:64,0
DA:65,0
DA:66,0
DA:67,0
DA:68,0
DA:69,0
DA:71,0
DA:72,0
DA:73,0
DA:74,0
DA:76,0
DA:77,0
DA:78,0
DA:80,0
DA:81,0
DA:82,0
DA:84,0
DA:85,0
DA:86,0
DA:87,0
DA:88,0
DA:90,0
DA:91,0
DA:92,0
DA:93,0
DA:95,0
DA:96,0
DA:97,0
DA:98,0
DA:99,0
DA:100,0
DA:101,0
DA:102,0
DA:103,0
DA:104,0
DA:105,0
DA:106,0
DA:107,0
DA:108,0
DA:110,0
DA:111,0
DA:112,0
DA:113,0
DA:114,0
DA:116,0
DA:117,0
DA:118,0
DA:119,0
DA:122,0
DA:123,0
DA:124,0
DA:125,0
DA:127,0
DA:128,0
DA:129,0
DA:130,0
DA:131,0
DA:132,0
DA:133,0
DA:134,0
DA:135,0
DA:136,0
DA:137,0
DA:139,0
LF:111
LH:0
BRDA:1,0,0,0
BRF:1
BRH:0
end_of_record
TN:
SF:src/renderer/hooks/useAppShortcuts.ts
FN:1,(empty-report)
FNF:1
FNH:0
FNDA:0,(empty-report)
DA:1,0
DA:4,0
DA:5,0
DA:6,0
DA:7,0
DA:8,0
DA:9,0
DA:10,0
DA:11,0
DA:12,0
DA:13,0
DA:15,0
DA:17,0
DA:18,0
DA:19,0
DA:20,0
DA:21,0
DA:23,0
DA:24,0
DA:25,0
DA:27,0
DA:28,0
DA:29,0
DA:30,0
DA:31,0
DA:32,0
DA:33,0
DA:34,0
DA:35,0
DA:36,0
DA:37,0
DA:38,0
DA:39,0
DA:40,0
DA:41,0
DA:42,0
DA:43,0
DA:44,0
DA:45,0
DA:46,0
DA:47,0
DA:48,0
DA:50,0
DA:52,0
DA:53,0
DA:54,0
DA:55,0
DA:56,0
DA:57,0
DA:58,0
DA:59,0
DA:60,0
DA:61,0
DA:62,0
DA:63,0
DA:64,0
DA:66,0
DA:67,0
DA:68,0
DA:69,0
DA:70,0
DA:71,0
DA:72,0
DA:73,0
DA:75,0
DA:76,0
DA:77,0
DA:78,0
DA:79,0
DA:81,0
DA:82,0
DA:83,0
DA:84,0
LF:73
LH:0
BRDA:1,0,0,0
BRF:1
BRH:0
end_of_record
TN:
SF:src/renderer/i18n/index.ts
FN:1,(empty-report)
FNF:1
FNH:0
FNDA:0,(empty-report)
DA:1,0
DA:8,0
DA:9,0
DA:10,0
DA:11,0
DA:13,0
DA:14,0
DA:15,0
DA:16,0
DA:17,0
DA:18,0
DA:19,0
DA:20,0
DA:21,0
DA:22,0
DA:23,0
DA:24,0
DA:25,0
DA:26,0
DA:27,0
DA:29,0
DA:30,0
DA:31,0
DA:33,0
LF:24
LH:0
BRDA:1,0,0,0
BRF:1
BRH:0
end_of_record
TN:
SF:src/renderer/store/documentStore.ts
FN:23,defaultColumnState
FN:29,persistColumnState
FN:114,fetchDocuments
FN:126,setListMode
FN:131,setListColumnState
FN:136,setSort
FN:157,setColumns
FN:165,setFocusedDoc
FN:169,toggleSelect
FN:179,selectAll
FN:183,clearSelection
FN:187,toggleStar
FN:200,openPdf
FN:212,openInFinder
FN:221,deleteDoc
FN:239,refreshMetadata
FN:248,bulkDelete
FN:267,bulkRefreshMetadata
FN:276,bulkCategorize
FN:286,updateDocument
FN:292,showToast
FN:298,clearToast
FN:303,requestDeleteConfirm
FN:307,confirmDeleteAction
FN:318,cancelDelete
FN:322,patchDocument
FN:331,startImport
FN:335,updateImportProgress
FN:343,endImport
FN:348,init
FN:355,docUpdatedCb.<computed>
FN:369,importProgressCb.<computed>
FN:377,importToastCb.<computed>
FN:382,menuExportBibtexCb.<computed>
FN:392,fetchCategories
FN:401,createCategory
FN:413,renameCategory
FN:425,deleteCategory
FN:437,performSearch
FN:455,clearSearch
FN:461,destroy
FNF:41
FNH:11
FNDA:5,defaultColumnState
FNDA:0,persistColumnState
FNDA:8,fetchDocuments
FNDA:0,setListMode
FNDA:0,setListColumnState
FNDA:0,setSort
FNDA:0,setColumns
FNDA:3,setFocusedDoc
FNDA:5,toggleSelect
FNDA:0,selectAll
FNDA:0,clearSelection
FNDA:3,toggleStar
FNDA:0,openPdf
FNDA:0,openInFinder
FNDA:0,deleteDoc
FNDA:0,refreshMetadata
FNDA:0,bulkDelete
FNDA:0,bulkRefreshMetadata
FNDA:0,bulkCategorize
FNDA:0,updateDocument
FNDA:1,showToast
FNDA:0,clearToast
FNDA:0,requestDeleteConfirm
FNDA:0,confirmDeleteAction
FNDA:0,cancelDelete
FNDA:3,patchDocument
FNDA:0,startImport
FNDA:0,updateImportProgress
FNDA:0,endImport
FNDA:5,init
FNDA:0,docUpdatedCb.<computed>
FNDA:0,importProgressCb.<computed>
FNDA:0,importToastCb.<computed>
FNDA:0,menuExportBibtexCb.<computed>
FNDA:0,fetchCategories
FNDA:0,createCategory
FNDA:0,renameCategory
FNDA:0,deleteCategory
FNDA:6,performSearch
FNDA:1,clearSearch
FNDA:1,destroy
DA:1,1
DA:14,1
DA:15,1
DA:16,1
DA:17,1
DA:18,1
DA:19,1
DA:20,1
DA:21,1
DA:23,5
DA:24,5
DA:25,5
DA:27,1
DA:29,0
DA:30,0
DA:31,0
DA:32,0
DA:33,0
DA:34,0
DA:89,1
DA:90,1
DA:91,1
DA:92,1
DA:94,1
DA:95,1
DA:97,1
DA:98,1
DA:99,1
DA:100,1
DA:101,1
DA:102,1
DA:103,1
DA:104,1
DA:105,1
DA:106,1
DA:107,1
DA:108,1
DA:109,1
DA:110,1
DA:111,1
DA:112,1
DA:114,1
DA:115,8
DA:116,8
DA:117,8
DA:118,8
DA:119,8
DA:120,7
DA:121,8
DA:122,8
DA:123,8
DA:124,8
DA:126,1
DA:127,0
DA:128,0
DA:129,0
DA:131,1
DA:132,0
DA:133,0
DA:134,0
DA:136,1
DA:137,0
DA:138,0
DA:139,0
DA:140,0
DA:141,0
DA:142,0
DA:143,0
DA:144,0
DA:145,0
DA:146,0
DA:147,0
DA:148,0
DA:149,0
DA:150,0
DA:151,0
DA:152,0
DA:153,0
DA:154,0
DA:155,0
DA:157,1
DA:158,0
DA:159,0
DA:160,0
DA:161,0
DA:162,0
DA:163,0
DA:165,1
DA:166,3
DA:167,3
DA:169,1
DA:170,5
DA:171,5
DA:172,5
DA:173,4
DA:174,4
DA:175,1
DA:176,5
DA:177,5
DA:179,1
DA:180,0
DA:181,0
DA:183,1
DA:184,0
DA:185,0
DA:187,1
DA:188,3
DA:189,3
DA:190,2
DA:191,3
DA:192,3
DA:193,3
DA:194,1
DA:195,1
DA:196,1
DA:197,1
DA:198,3
DA:200,1
DA:201,0
DA:202,0
DA:203,0
DA:204,0
DA:205,0
DA:206,0
DA:207,0
DA:208,0
DA:209,0
DA:210,0
DA:212,1
DA:213,0
DA:214,0
DA:215,0
DA:216,0
DA:217,0
DA:218,0
DA:219,0
DA:221,1
DA:222,0
DA:223,0
DA:224,0
DA:225,0
DA:226,0
DA:227,0
DA:228,0
DA:229,0
DA:230,0
DA:231,0
DA:232,0
DA:233,0
DA:234,0
DA:235,0
DA:236,0
DA:237,0
DA:239,1
DA:240,0
DA:241,0
DA:242,0
DA:243,0
DA:244,0
DA:245,0
DA:246,0
DA:248,1
DA:249,0
DA:250,0
DA:251,0
DA:252,0
DA:253,0
DA:254,0
DA:255,0
DA:256,0
DA:257,0
DA:258,0
DA:259,0
DA:260,0
DA:261,0
DA:262,0
DA:263,0
DA:264,0
DA:265,0
DA:267,1
DA:268,0
DA:269,0
DA:270,0
DA:271,0
DA:272,0
DA:273,0
DA:274,0
DA:276,1
DA:277,0
DA:278,0
DA:279,0
DA:280,0
DA:281,0
DA:282,0
DA:283,0
DA:284,0
DA:286,1
DA:287,0
DA:288,0
DA:289,0
DA:290,0
DA:292,1
DA:293,1
DA:294,1
DA:295,1
DA:296,1
DA:298,1
DA:299,0
DA:300,0
DA:301,0
DA:303,1
DA:304,0
DA:305,0
DA:307,1
DA:308,0
DA:309,0
DA:310,0
DA:311,0
DA:312,0
DA:313,0
DA:314,0
DA:315,0
DA:316,0
DA:318,1
DA:319,0
DA:320,0
DA:322,1
DA:323,3
DA:324,3
DA:325,3
DA:326,0
DA:327,3
DA:328,3
DA:329,3
DA:331,1
DA:332,0
DA:333,0
DA:335,1
DA:336,0
DA:337,0
DA:338,0
DA:339,0
DA:340,0
DA:341,0
DA:343,1
DA:344,0
DA:345,0
DA:346,0
DA:348,1
DA:349,5
DA:350,4
DA:351,4
DA:352,4
DA:353,5
DA:355,5
DA:356,0
DA:357,0
DA:358,0
DA:359,0
DA:360,0
DA:361,0
DA:362,0
DA:363,0
DA:364,0
DA:365,0
DA:366,0
DA:367,5
DA:369,5
DA:370,0
DA:371,0
DA:372,0
DA:373,0
DA:374,0
DA:375,5
DA:377,5
DA:378,0
DA:379,0
DA:380,5
DA:382,5
DA:383,0
DA:384,0
DA:385,0
DA:386,0
DA:387,5
DA:389,5
DA:390,5
DA:392,1
DA:393,0
DA:394,0
DA:395,0
DA:396,0
DA:398,0
DA:399,0
DA:401,1
DA:402,0
DA:403,0
DA:404,0
DA:405,0
DA:406,0
DA:407,0
DA:408,0
DA:409,0
DA:410,0
DA:411,0
DA:413,1
DA:414,0
DA:415,0
DA:416,0
DA:417,0
DA:418,0
DA:419,0
DA:420,0
DA:421,0
DA:422,0
DA:423,0
DA:425,1
DA:426,0
DA:427,0
DA:428,0
DA:429,0
DA:430,0
DA:431,0
DA:432,0
DA:433,0
DA:434,0
DA:435,0
DA:437,1
DA:438,6
DA:439,6
DA:440,6
DA:441,1
DA:442,1
DA:443,1
DA:444,5
DA:445,5
DA:446,3
DA:447,3
DA:448,2
DA:449,3
DA:450,1
DA:451,1
DA:452,5
DA:453,6
DA:455,1
DA:456,1
DA:457,1
DA:458,1
DA:459,1
DA:461,1
DA:462,1
DA:463,1
DA:464,1
DA:465,1
DA:466,1
DA:467,1
DA:468,1
DA:469,1
DA:470,1
DA:471,1
DA:472,1
DA:473,1
DA:474,1
DA:475,1
DA:476,1
DA:477,1
DA:478,1
DA:479,1
DA:480,1
DA:481,1
LF:369
LH:166
BRDA:23,0,0,5
BRDA:97,1,0,1
BRDA:114,2,0,8
BRDA:119,3,0,7
BRDA:165,4,0,3
BRDA:169,5,0,5
BRDA:170,6,0,5
BRDA:172,7,0,4
BRDA:174,8,0,1
BRDA:175,9,0,1
BRDA:187,10,0,3
BRDA:189,11,0,1
BRDA:189,12,0,2
BRDA:191,13,0,0
BRDA:193,14,0,1
BRDA:188,15,0,2
BRDA:292,16,0,1
BRDA:293,17,0,0
BRDA:322,18,0,3
BRDA:323,19,0,3
BRDA:325,20,0,0
BRDA:324,21,0,3
BRDA:324,22,0,0
BRDA:348,23,0,5
BRDA:349,24,0,1
BRDA:349,25,0,4
BRDA:437,26,0,6
BRDA:439,27,0,5
BRDA:440,28,0,1
BRDA:443,29,0,5
BRDA:445,30,0,3
BRDA:447,31,0,2
BRDA:449,32,0,1
BRDA:455,33,0,1
BRDA:461,34,0,1
BRDA:478,35,0,0
BRF:36
BRH:31
end_of_record
TN:
SF:src/shared/ipc-channels.ts
FNF:0
FNH:0
DA:1,1
DA:2,1
DA:4,1
DA:5,1
DA:6,1
DA:7,1
DA:8,1
DA:9,1
DA:10,1
DA:11,1
DA:12,1
DA:13,1
DA:14,1
DA:15,1
DA:16,1
DA:17,1
DA:18,1
DA:20,1
DA:21,1
DA:22,1
DA:24,1
DA:25,1
DA:26,1
DA:27,1
DA:28,1
DA:29,1
DA:30,1
DA:32,1
DA:33,1
DA:34,1
DA:35,1
DA:37,1
DA:39,1
DA:40,1
DA:42,1
DA:43,1
DA:45,1
DA:46,1
DA:47,1
DA:48,1
DA:49,1
LF:41
LH:41
BRF:0
BRH:0
end_of_record
TN:
SF:src/shared/ipc-types.ts
FN:1,(empty-report)
FNF:1
FNH:1
FNDA:1,(empty-report)
LF:0
LH:0
BRDA:1,0,0,1
BRF:1
BRH:1
end_of_record
